<?xml version="1.0" encoding="UTF-8"?>
<robot generator="Robot 6.0.1 (Python 3.6.15 on linux)" generated="20230216 17:10:07.654" rpa="false" schemaversion="3">
<suite id="s1" name="AddAudit" source="/home/hassine/quest-automated-tests/test/AddAudit.robot">
<test id="s1-t1" name="Investor" line="19">
<kw name="Make Valid Login" library="LoginPage">
<kw name="Open Login Page" library="LoginPage">
<kw name="Get Firefox Options" library="BrowserOptions">
<var>${options}</var>
<msg timestamp="20230216 17:10:07.982" level="INFO">${options} = &lt;selenium.webdriver.firefox.options.Options object at 0x7fcba07b6470&gt;</msg>
<status status="PASS" starttime="20230216 17:10:07.980" endtime="20230216 17:10:07.982"/>
</kw>
<kw name="Get Firefox Driver Path" library="BrowserOptions">
<var>${exec_path}</var>
<msg timestamp="20230216 17:10:07.982" level="INFO">====== WebDriver manager ======</msg>
<msg timestamp="20230216 17:10:08.200" level="INFO">Current firefox version is 109.0</msg>
<msg timestamp="20230216 17:10:08.201" level="INFO">Get LATEST geckodriver version for 109.0 firefox</msg>
<msg timestamp="20230216 17:10:08.414" level="INFO">Driver [/home/hassine/.wdm/drivers/geckodriver/linux64/v0.32.2/geckodriver] found in cache</msg>
<msg timestamp="20230216 17:10:08.415" level="INFO">${exec_path} = /home/hassine/.wdm/drivers/geckodriver/linux64/v0.32.2/geckodriver</msg>
<status status="PASS" starttime="20230216 17:10:07.982" endtime="20230216 17:10:08.415"/>
</kw>
<kw name="Open Browser" library="SeleniumLibrary">
<arg>${url}</arg>
<arg>executable_path=${exec_path}</arg>
<arg>options=${options}</arg>
<doc>Opens a new browser instance to the optional ``url``.</doc>
<msg timestamp="20230216 17:10:08.417" level="INFO">Opening browser 'firefox' to base url 'http://192.168.1.126:8084/quest-pe/v2/auth/#/login'.</msg>
<msg timestamp="20230216 17:10:08.418" level="INFO">Firefox driver log is always forced to to: /home/hassine/quest-automated-tests/test/geckodriver-7.log</msg>
<status status="PASS" starttime="20230216 17:10:08.415" endtime="20230216 17:10:12.528"/>
</kw>
<kw name="Maximize" library="BrowserOptions">
<status status="PASS" starttime="20230216 17:10:12.529" endtime="20230216 17:10:12.799"/>
</kw>
<status status="PASS" starttime="20230216 17:10:07.980" endtime="20230216 17:10:12.800"/>
</kw>
<kw name="Fill Login Info" library="LoginPage">
<arg>${valid_username}</arg>
<arg>${valid_password}</arg>
<kw name="Input Text" library="SeleniumLibrary">
<arg>${username_field_locator}</arg>
<arg>${username}</arg>
<doc>Types the given ``text`` into the text field identified by ``locator``.</doc>
<msg timestamp="20230216 17:10:12.802" level="INFO">Typing text 'demo_pe' into text field 'id:login-input'.</msg>
<status status="PASS" starttime="20230216 17:10:12.800" endtime="20230216 17:10:12.846"/>
</kw>
<kw name="Input Text" library="SeleniumLibrary">
<arg>${password_field_locator}</arg>
<arg>${password}</arg>
<doc>Types the given ``text`` into the text field identified by ``locator``.</doc>
<msg timestamp="20230216 17:10:12.847" level="INFO">Typing text 'mype#ads*1515' into text field 'id:pwd-input'.</msg>
<status status="PASS" starttime="20230216 17:10:12.846" endtime="20230216 17:10:12.873"/>
</kw>
<status status="PASS" starttime="20230216 17:10:12.800" endtime="20230216 17:10:12.873"/>
</kw>
<kw name="Click Login" library="LoginPage">
<kw name="Click Button" library="SeleniumLibrary">
<arg>${login_button_locator}</arg>
<doc>Clicks the button identified by ``locator``.</doc>
<msg timestamp="20230216 17:10:12.874" level="INFO">Clicking button '//button'.</msg>
<status status="PASS" starttime="20230216 17:10:12.873" endtime="20230216 17:10:21.335"/>
</kw>
<status status="PASS" starttime="20230216 17:10:12.873" endtime="20230216 17:10:21.335"/>
</kw>
<kw name="Wait Until Keyword Succeeds" library="BuiltIn">
<arg>5s</arg>
<arg>500ms</arg>
<arg>title should be</arg>
<arg>${success_page_name}</arg>
<doc>Runs the specified keyword and retries if it fails.</doc>
<kw name="Title Should Be" library="SeleniumLibrary">
<arg>${success_page_name}</arg>
<doc>Verifies that the current page title equals ``title``.</doc>
<msg timestamp="20230216 17:10:21.341" level="INFO">Page title is 'Quest'.</msg>
<status status="PASS" starttime="20230216 17:10:21.336" endtime="20230216 17:10:21.341"/>
</kw>
<status status="PASS" starttime="20230216 17:10:21.335" endtime="20230216 17:10:21.341"/>
</kw>
<status status="PASS" starttime="20230216 17:10:07.980" endtime="20230216 17:10:21.342"/>
</kw>
<kw name="Wait" library="Window">
<arg>1</arg>
<status status="PASS" starttime="20230216 17:10:21.342" endtime="20230216 17:10:22.343"/>
</kw>
<kw name="Mouse Over Side Menu Item" library="SideMenu">
<arg>Investors</arg>
<msg timestamp="20230216 17:10:22.362" level="INFO">&lt;selenium.webdriver.firefox.webelement.FirefoxWebElement (session="a11bfd3a-b104-444d-844b-cb6270fdd9c7", element="df4af443-36d2-4e2d-aa37-0c6a0ec380ff")&gt;</msg>
<msg timestamp="20230216 17:10:22.363" level="FAIL">MoveTargetOutOfBoundsException: Message: Origin element is not displayed
</msg>
<status status="FAIL" starttime="20230216 17:10:22.344" endtime="20230216 17:10:22.368"/>
</kw>
<kw name="Click Side Menu Item" library="SideMenu">
<arg>Current investors</arg>
<status status="NOT RUN" starttime="20230216 17:10:22.368" endtime="20230216 17:10:22.368"/>
</kw>
<kw name="Select Window" library="Selection">
<arg>Current investors</arg>
<status status="NOT RUN" starttime="20230216 17:10:22.368" endtime="20230216 17:10:22.368"/>
</kw>
<kw name="Custom Click Button" library="Clickables">
<arg>Add Investor</arg>
<status status="NOT RUN" starttime="20230216 17:10:22.368" endtime="20230216 17:10:22.369"/>
</kw>
<kw name="Select Window" library="Selection">
<arg>New Investor</arg>
<status status="NOT RUN" starttime="20230216 17:10:22.369" endtime="20230216 17:10:22.369"/>
</kw>
<kw name="Type Text" library="Inputs">
<arg>test 25</arg>
<arg>Short Name</arg>
<status status="NOT RUN" starttime="20230216 17:10:22.369" endtime="20230216 17:10:22.369"/>
</kw>
<kw name="Type Text" library="Inputs">
<arg>Family office</arg>
<arg>Investor category</arg>
<status status="NOT RUN" starttime="20230216 17:10:22.369" endtime="20230216 17:10:22.369"/>
</kw>
<kw name="Select Choice" library="Inputs">
<arg>2</arg>
<status status="NOT RUN" starttime="20230216 17:10:22.370" endtime="20230216 17:10:22.370"/>
</kw>
<kw name="Custom Click Button" library="Clickables">
<arg>Save</arg>
<status status="NOT RUN" starttime="20230216 17:10:22.370" endtime="20230216 17:10:22.370"/>
</kw>
<kw name="Close All Browsers" library="SeleniumLibrary" type="TEARDOWN">
<doc>Closes all open browsers and resets the browser cache.</doc>
<status status="PASS" starttime="20230216 17:10:22.370" endtime="20230216 17:10:22.753"/>
</kw>
<status status="FAIL" starttime="20230216 17:10:07.979" endtime="20230216 17:10:22.753">MoveTargetOutOfBoundsException: Message: Origin element is not displayed
</status>
</test>
<test id="s1-t2" name="Activity" line="31">
<kw name="Make Valid Login" library="LoginPage">
<kw name="Open Login Page" library="LoginPage">
<kw name="Get Firefox Options" library="BrowserOptions">
<var>${options}</var>
<msg timestamp="20230216 17:10:22.755" level="INFO">${options} = &lt;selenium.webdriver.firefox.options.Options object at 0x7fcba059d630&gt;</msg>
<status status="PASS" starttime="20230216 17:10:22.754" endtime="20230216 17:10:22.755"/>
</kw>
<kw name="Get Firefox Driver Path" library="BrowserOptions">
<var>${exec_path}</var>
<msg timestamp="20230216 17:10:22.755" level="INFO">====== WebDriver manager ======</msg>
<msg timestamp="20230216 17:10:22.787" level="INFO">Current firefox version is 109.0</msg>
<msg timestamp="20230216 17:10:22.788" level="INFO">Get LATEST geckodriver version for 109.0 firefox</msg>
<msg timestamp="20230216 17:10:22.957" level="INFO">Driver [/home/hassine/.wdm/drivers/geckodriver/linux64/v0.32.2/geckodriver] found in cache</msg>
<msg timestamp="20230216 17:10:22.958" level="INFO">${exec_path} = /home/hassine/.wdm/drivers/geckodriver/linux64/v0.32.2/geckodriver</msg>
<status status="PASS" starttime="20230216 17:10:22.755" endtime="20230216 17:10:22.958"/>
</kw>
<kw name="Open Browser" library="SeleniumLibrary">
<arg>${url}</arg>
<arg>executable_path=${exec_path}</arg>
<arg>options=${options}</arg>
<doc>Opens a new browser instance to the optional ``url``.</doc>
<msg timestamp="20230216 17:10:22.961" level="INFO">Opening browser 'firefox' to base url 'http://192.168.1.126:8084/quest-pe/v2/auth/#/login'.</msg>
<msg timestamp="20230216 17:10:22.962" level="INFO">Firefox driver log is always forced to to: /home/hassine/quest-automated-tests/test/geckodriver-8.log</msg>
<status status="PASS" starttime="20230216 17:10:22.959" endtime="20230216 17:10:26.499"/>
</kw>
<kw name="Maximize" library="BrowserOptions">
<status status="PASS" starttime="20230216 17:10:26.499" endtime="20230216 17:10:26.761"/>
</kw>
<status status="PASS" starttime="20230216 17:10:22.754" endtime="20230216 17:10:26.762"/>
</kw>
<kw name="Fill Login Info" library="LoginPage">
<arg>${valid_username}</arg>
<arg>${valid_password}</arg>
<kw name="Input Text" library="SeleniumLibrary">
<arg>${username_field_locator}</arg>
<arg>${username}</arg>
<doc>Types the given ``text`` into the text field identified by ``locator``.</doc>
<msg timestamp="20230216 17:10:26.765" level="INFO">Typing text 'demo_pe' into text field 'id:login-input'.</msg>
<status status="PASS" starttime="20230216 17:10:26.764" endtime="20230216 17:10:26.810"/>
</kw>
<kw name="Input Text" library="SeleniumLibrary">
<arg>${password_field_locator}</arg>
<arg>${password}</arg>
<doc>Types the given ``text`` into the text field identified by ``locator``.</doc>
<msg timestamp="20230216 17:10:26.811" level="INFO">Typing text 'mype#ads*1515' into text field 'id:pwd-input'.</msg>
<status status="PASS" starttime="20230216 17:10:26.810" endtime="20230216 17:10:26.829"/>
</kw>
<status status="PASS" starttime="20230216 17:10:26.762" endtime="20230216 17:10:26.829"/>
</kw>
<kw name="Click Login" library="LoginPage">
<kw name="Click Button" library="SeleniumLibrary">
<arg>${login_button_locator}</arg>
<doc>Clicks the button identified by ``locator``.</doc>
<msg timestamp="20230216 17:10:26.831" level="INFO">Clicking button '//button'.</msg>
<status status="PASS" starttime="20230216 17:10:26.830" endtime="20230216 17:10:34.710"/>
</kw>
<status status="PASS" starttime="20230216 17:10:26.829" endtime="20230216 17:10:34.710"/>
</kw>
<kw name="Wait Until Keyword Succeeds" library="BuiltIn">
<arg>5s</arg>
<arg>500ms</arg>
<arg>title should be</arg>
<arg>${success_page_name}</arg>
<doc>Runs the specified keyword and retries if it fails.</doc>
<kw name="Title Should Be" library="SeleniumLibrary">
<arg>${success_page_name}</arg>
<doc>Verifies that the current page title equals ``title``.</doc>
<msg timestamp="20230216 17:10:34.718" level="INFO">Page title is 'Quest'.</msg>
<status status="PASS" starttime="20230216 17:10:34.711" endtime="20230216 17:10:34.718"/>
</kw>
<status status="PASS" starttime="20230216 17:10:34.710" endtime="20230216 17:10:34.718"/>
</kw>
<status status="PASS" starttime="20230216 17:10:22.754" endtime="20230216 17:10:34.718"/>
</kw>
<kw name="Wait" library="Window">
<arg>1</arg>
<status status="PASS" starttime="20230216 17:10:34.718" endtime="20230216 17:10:35.719"/>
</kw>
<kw name="Click Side Menu Item" library="SideMenu">
<arg>Contacts</arg>
<msg timestamp="20230216 17:10:37.011" level="INFO">&lt;selenium.webdriver.firefox.webelement.FirefoxWebElement (session="5ccd782e-8914-4819-84d9-54ad08524637", element="be4b1dfb-c4a4-494b-99b6-e4b67d7db9d7")&gt;</msg>
<status status="PASS" starttime="20230216 17:10:35.720" endtime="20230216 17:10:37.011"/>
</kw>
<kw name="Custom Click Button" library="Clickables">
<arg>Add Activity</arg>
<msg timestamp="20230216 17:10:38.395" level="INFO">(//button[.//*[normalize-space(text())='Add Activity']])[1]
&lt;selenium.webdriver.firefox.webelement.FirefoxWebElement (session="5ccd782e-8914-4819-84d9-54ad08524637", element="70f61da7-270c-4655-88e6-5dabe4c6fb43")&gt;</msg>
<status status="PASS" starttime="20230216 17:10:37.012" endtime="20230216 17:10:38.395"/>
</kw>
<kw name="Select Window" library="Selection">
<arg>Add activity</arg>
<status status="PASS" starttime="20230216 17:10:38.395" endtime="20230216 17:10:38.395"/>
</kw>
<kw name="Type Text" library="Inputs">
<arg>Call</arg>
<arg>Activity type</arg>
<msg timestamp="20230216 17:10:39.520" level="INFO">&lt;selenium.webdriver.firefox.webelement.FirefoxWebElement (session="5ccd782e-8914-4819-84d9-54ad08524637", element="fbf7318f-92b5-463f-887a-4b1d2fcd1aab")&gt;</msg>
<status status="PASS" starttime="20230216 17:10:38.396" endtime="20230216 17:10:39.520"/>
</kw>
<kw name="Select Choice" library="Inputs">
<arg>2</arg>
<status status="PASS" starttime="20230216 17:10:39.521" endtime="20230216 17:10:39.608"/>
</kw>
<kw name="Custom Click Button" library="Clickables">
<arg>Save</arg>
<msg timestamp="20230216 17:10:40.980" level="INFO">(//button[.//*[normalize-space(text())='Save']])[1]
&lt;selenium.webdriver.firefox.webelement.FirefoxWebElement (session="5ccd782e-8914-4819-84d9-54ad08524637", element="4bcbeff8-70ab-4661-b2c6-91b1588e81d1")&gt;</msg>
<status status="PASS" starttime="20230216 17:10:39.608" endtime="20230216 17:10:40.980"/>
</kw>
<kw name="Close All Browsers" library="SeleniumLibrary" type="TEARDOWN">
<doc>Closes all open browsers and resets the browser cache.</doc>
<status status="PASS" starttime="20230216 17:10:40.980" endtime="20230216 17:10:41.457"/>
</kw>
<status status="PASS" starttime="20230216 17:10:22.753" endtime="20230216 17:10:41.457"/>
</test>
<test id="s1-t3" name="Contact" line="40">
<kw name="Make Valid Login" library="LoginPage">
<kw name="Open Login Page" library="LoginPage">
<kw name="Get Firefox Options" library="BrowserOptions">
<var>${options}</var>
<msg timestamp="20230216 17:10:41.459" level="INFO">${options} = &lt;selenium.webdriver.firefox.options.Options object at 0x7fcba05b1a90&gt;</msg>
<status status="PASS" starttime="20230216 17:10:41.458" endtime="20230216 17:10:41.459"/>
</kw>
<kw name="Get Firefox Driver Path" library="BrowserOptions">
<var>${exec_path}</var>
<msg timestamp="20230216 17:10:41.459" level="INFO">====== WebDriver manager ======</msg>
<msg timestamp="20230216 17:10:41.492" level="INFO">Current firefox version is 109.0</msg>
<msg timestamp="20230216 17:10:41.493" level="INFO">Get LATEST geckodriver version for 109.0 firefox</msg>
<msg timestamp="20230216 17:10:41.672" level="INFO">Driver [/home/hassine/.wdm/drivers/geckodriver/linux64/v0.32.2/geckodriver] found in cache</msg>
<msg timestamp="20230216 17:10:41.673" level="INFO">${exec_path} = /home/hassine/.wdm/drivers/geckodriver/linux64/v0.32.2/geckodriver</msg>
<status status="PASS" starttime="20230216 17:10:41.459" endtime="20230216 17:10:41.673"/>
</kw>
<kw name="Open Browser" library="SeleniumLibrary">
<arg>${url}</arg>
<arg>executable_path=${exec_path}</arg>
<arg>options=${options}</arg>
<doc>Opens a new browser instance to the optional ``url``.</doc>
<msg timestamp="20230216 17:10:41.679" level="INFO">Opening browser 'firefox' to base url 'http://192.168.1.126:8084/quest-pe/v2/auth/#/login'.</msg>
<msg timestamp="20230216 17:10:41.679" level="INFO">Firefox driver log is always forced to to: /home/hassine/quest-automated-tests/test/geckodriver-9.log</msg>
<status status="PASS" starttime="20230216 17:10:41.674" endtime="20230216 17:10:44.937"/>
</kw>
<kw name="Maximize" library="BrowserOptions">
<status status="PASS" starttime="20230216 17:10:44.938" endtime="20230216 17:10:45.199"/>
</kw>
<status status="PASS" starttime="20230216 17:10:41.458" endtime="20230216 17:10:45.200"/>
</kw>
<kw name="Fill Login Info" library="LoginPage">
<arg>${valid_username}</arg>
<arg>${valid_password}</arg>
<kw name="Input Text" library="SeleniumLibrary">
<arg>${username_field_locator}</arg>
<arg>${username}</arg>
<doc>Types the given ``text`` into the text field identified by ``locator``.</doc>
<msg timestamp="20230216 17:10:45.203" level="INFO">Typing text 'demo_pe' into text field 'id:login-input'.</msg>
<status status="PASS" starttime="20230216 17:10:45.202" endtime="20230216 17:10:45.259"/>
</kw>
<kw name="Input Text" library="SeleniumLibrary">
<arg>${password_field_locator}</arg>
<arg>${password}</arg>
<doc>Types the given ``text`` into the text field identified by ``locator``.</doc>
<msg timestamp="20230216 17:10:45.260" level="INFO">Typing text 'mype#ads*1515' into text field 'id:pwd-input'.</msg>
<status status="PASS" starttime="20230216 17:10:45.259" endtime="20230216 17:10:45.283"/>
</kw>
<status status="PASS" starttime="20230216 17:10:45.200" endtime="20230216 17:10:45.284"/>
</kw>
<kw name="Click Login" library="LoginPage">
<kw name="Click Button" library="SeleniumLibrary">
<arg>${login_button_locator}</arg>
<doc>Clicks the button identified by ``locator``.</doc>
<msg timestamp="20230216 17:10:45.285" level="INFO">Clicking button '//button'.</msg>
<status status="PASS" starttime="20230216 17:10:45.284" endtime="20230216 17:10:53.424"/>
</kw>
<status status="PASS" starttime="20230216 17:10:45.284" endtime="20230216 17:10:53.424"/>
</kw>
<kw name="Wait Until Keyword Succeeds" library="BuiltIn">
<arg>5s</arg>
<arg>500ms</arg>
<arg>title should be</arg>
<arg>${success_page_name}</arg>
<doc>Runs the specified keyword and retries if it fails.</doc>
<kw name="Title Should Be" library="SeleniumLibrary">
<arg>${success_page_name}</arg>
<doc>Verifies that the current page title equals ``title``.</doc>
<msg timestamp="20230216 17:10:53.428" level="INFO">Page title is 'Quest'.</msg>
<status status="PASS" starttime="20230216 17:10:53.424" endtime="20230216 17:10:53.428"/>
</kw>
<status status="PASS" starttime="20230216 17:10:53.424" endtime="20230216 17:10:53.428"/>
</kw>
<status status="PASS" starttime="20230216 17:10:41.458" endtime="20230216 17:10:53.428"/>
</kw>
<kw name="Wait" library="Window">
<arg>1</arg>
<status status="PASS" starttime="20230216 17:10:53.428" endtime="20230216 17:10:54.429"/>
</kw>
<kw name="Click Side Menu Item" library="SideMenu">
<arg>Contacts</arg>
<msg timestamp="20230216 17:10:55.720" level="INFO">&lt;selenium.webdriver.firefox.webelement.FirefoxWebElement (session="f12fb57b-3d09-437b-85c2-2b74849e0d88", element="dc15c577-4599-411c-af04-1e9cb2c172f1")&gt;</msg>
<status status="PASS" starttime="20230216 17:10:54.430" endtime="20230216 17:10:55.720"/>
</kw>
<kw name="Custom Click Button" library="Clickables">
<arg>Add Contact</arg>
<msg timestamp="20230216 17:10:57.547" level="INFO">(//button[.//*[normalize-space(text())='Add Contact']])[1]
&lt;selenium.webdriver.firefox.webelement.FirefoxWebElement (session="f12fb57b-3d09-437b-85c2-2b74849e0d88", element="dc07c386-39d9-454c-a4fa-50e6e22e7009")&gt;</msg>
<status status="PASS" starttime="20230216 17:10:55.720" endtime="20230216 17:10:57.547"/>
</kw>
<kw name="Select Window" library="Selection">
<arg>New Contact</arg>
<status status="PASS" starttime="20230216 17:10:57.547" endtime="20230216 17:10:57.547"/>
</kw>
<kw name="Type Text" library="Inputs">
<arg>testAudit</arg>
<arg>First Name</arg>
<msg timestamp="20230216 17:10:58.654" level="INFO">&lt;selenium.webdriver.firefox.webelement.FirefoxWebElement (session="f12fb57b-3d09-437b-85c2-2b74849e0d88", element="88cb0763-eb06-4cdb-b741-bcf6b3952b78")&gt;</msg>
<status status="PASS" starttime="20230216 17:10:57.547" endtime="20230216 17:10:58.654"/>
</kw>
<kw name="Type Text" library="Inputs">
<arg>testAudit</arg>
<arg>Last Name</arg>
<msg timestamp="20230216 17:10:59.890" level="INFO">&lt;selenium.webdriver.firefox.webelement.FirefoxWebElement (session="f12fb57b-3d09-437b-85c2-2b74849e0d88", element="2418380e-bc25-48d3-a5a6-7d4226da19ab")&gt;</msg>
<status status="PASS" starttime="20230216 17:10:58.654" endtime="20230216 17:10:59.890"/>
</kw>
<kw name="Custom Click Button" library="Clickables">
<arg>Save</arg>
<msg timestamp="20230216 17:11:01.189" level="INFO">(//button[.//*[normalize-space(text())='Save']])[1]
&lt;selenium.webdriver.firefox.webelement.FirefoxWebElement (session="f12fb57b-3d09-437b-85c2-2b74849e0d88", element="5978c38e-1b18-477f-82bf-032dbed073d6")&gt;</msg>
<status status="PASS" starttime="20230216 17:10:59.891" endtime="20230216 17:11:01.189"/>
</kw>
<kw name="Close All Browsers" library="SeleniumLibrary" type="TEARDOWN">
<doc>Closes all open browsers and resets the browser cache.</doc>
<status status="PASS" starttime="20230216 17:11:01.190" endtime="20230216 17:11:01.603"/>
</kw>
<status status="PASS" starttime="20230216 17:10:41.457" endtime="20230216 17:11:01.603"/>
</test>
<test id="s1-t4" name="Deal" line="49">
<kw name="Make Valid Login" library="LoginPage">
<kw name="Open Login Page" library="LoginPage">
<kw name="Get Firefox Options" library="BrowserOptions">
<var>${options}</var>
<msg timestamp="20230216 17:11:01.605" level="INFO">${options} = &lt;selenium.webdriver.firefox.options.Options object at 0x7fcba05bcac8&gt;</msg>
<status status="PASS" starttime="20230216 17:11:01.604" endtime="20230216 17:11:01.605"/>
</kw>
<kw name="Get Firefox Driver Path" library="BrowserOptions">
<var>${exec_path}</var>
<msg timestamp="20230216 17:11:01.605" level="INFO">====== WebDriver manager ======</msg>
<msg timestamp="20230216 17:11:01.637" level="INFO">Current firefox version is 109.0</msg>
<msg timestamp="20230216 17:11:01.637" level="INFO">Get LATEST geckodriver version for 109.0 firefox</msg>
<msg timestamp="20230216 17:11:01.800" level="INFO">Driver [/home/hassine/.wdm/drivers/geckodriver/linux64/v0.32.2/geckodriver] found in cache</msg>
<msg timestamp="20230216 17:11:01.801" level="INFO">${exec_path} = /home/hassine/.wdm/drivers/geckodriver/linux64/v0.32.2/geckodriver</msg>
<status status="PASS" starttime="20230216 17:11:01.605" endtime="20230216 17:11:01.801"/>
</kw>
<kw name="Open Browser" library="SeleniumLibrary">
<arg>${url}</arg>
<arg>executable_path=${exec_path}</arg>
<arg>options=${options}</arg>
<doc>Opens a new browser instance to the optional ``url``.</doc>
<msg timestamp="20230216 17:11:01.802" level="INFO">Opening browser 'firefox' to base url 'http://192.168.1.126:8084/quest-pe/v2/auth/#/login'.</msg>
<msg timestamp="20230216 17:11:01.803" level="INFO">Firefox driver log is always forced to to: /home/hassine/quest-automated-tests/test/geckodriver-10.log</msg>
<status status="PASS" starttime="20230216 17:11:01.801" endtime="20230216 17:11:05.065"/>
</kw>
<kw name="Maximize" library="BrowserOptions">
<status status="PASS" starttime="20230216 17:11:05.065" endtime="20230216 17:11:05.342"/>
</kw>
<status status="PASS" starttime="20230216 17:11:01.604" endtime="20230216 17:11:05.343"/>
</kw>
<kw name="Fill Login Info" library="LoginPage">
<arg>${valid_username}</arg>
<arg>${valid_password}</arg>
<kw name="Input Text" library="SeleniumLibrary">
<arg>${username_field_locator}</arg>
<arg>${username}</arg>
<doc>Types the given ``text`` into the text field identified by ``locator``.</doc>
<msg timestamp="20230216 17:11:05.346" level="INFO">Typing text 'demo_pe' into text field 'id:login-input'.</msg>
<status status="PASS" starttime="20230216 17:11:05.345" endtime="20230216 17:11:05.391"/>
</kw>
<kw name="Input Text" library="SeleniumLibrary">
<arg>${password_field_locator}</arg>
<arg>${password}</arg>
<doc>Types the given ``text`` into the text field identified by ``locator``.</doc>
<msg timestamp="20230216 17:11:05.392" level="INFO">Typing text 'mype#ads*1515' into text field 'id:pwd-input'.</msg>
<status status="PASS" starttime="20230216 17:11:05.392" endtime="20230216 17:11:05.411"/>
</kw>
<status status="PASS" starttime="20230216 17:11:05.343" endtime="20230216 17:11:05.412"/>
</kw>
<kw name="Click Login" library="LoginPage">
<kw name="Click Button" library="SeleniumLibrary">
<arg>${login_button_locator}</arg>
<doc>Clicks the button identified by ``locator``.</doc>
<msg timestamp="20230216 17:11:05.413" level="INFO">Clicking button '//button'.</msg>
<status status="PASS" starttime="20230216 17:11:05.413" endtime="20230216 17:11:13.577"/>
</kw>
<status status="PASS" starttime="20230216 17:11:05.412" endtime="20230216 17:11:13.577"/>
</kw>
<kw name="Wait Until Keyword Succeeds" library="BuiltIn">
<arg>5s</arg>
<arg>500ms</arg>
<arg>title should be</arg>
<arg>${success_page_name}</arg>
<doc>Runs the specified keyword and retries if it fails.</doc>
<kw name="Title Should Be" library="SeleniumLibrary">
<arg>${success_page_name}</arg>
<doc>Verifies that the current page title equals ``title``.</doc>
<msg timestamp="20230216 17:11:13.584" level="INFO">Page title is 'Quest'.</msg>
<status status="PASS" starttime="20230216 17:11:13.577" endtime="20230216 17:11:13.584"/>
</kw>
<status status="PASS" starttime="20230216 17:11:13.577" endtime="20230216 17:11:13.584"/>
</kw>
<status status="PASS" starttime="20230216 17:11:01.604" endtime="20230216 17:11:13.585"/>
</kw>
<kw name="Wait" library="Window">
<arg>1</arg>
<status status="PASS" starttime="20230216 17:11:13.585" endtime="20230216 17:11:14.586"/>
</kw>
<kw name="Mouse Over Side Menu Item" library="SideMenu">
<arg>Pipeline</arg>
<msg timestamp="20230216 17:11:14.870" level="INFO">&lt;selenium.webdriver.firefox.webelement.FirefoxWebElement (session="9a6b9b8f-f8c2-4963-b6bc-550ecc9f912f", element="0549da3a-9396-4e74-959f-0d88bf0c9513")&gt;</msg>
<status status="PASS" starttime="20230216 17:11:14.587" endtime="20230216 17:11:14.870"/>
</kw>
<kw name="Click Side Menu Item" library="SideMenu">
<arg>New Deal</arg>
<msg timestamp="20230216 17:11:16.172" level="INFO">&lt;selenium.webdriver.firefox.webelement.FirefoxWebElement (session="9a6b9b8f-f8c2-4963-b6bc-550ecc9f912f", element="84a04df4-45cf-456b-ac8c-19f171d66e59")&gt;</msg>
<status status="PASS" starttime="20230216 17:11:14.870" endtime="20230216 17:11:16.173"/>
</kw>
<kw name="Select Window" library="Selection">
<arg>Add New Company And Deal</arg>
<status status="PASS" starttime="20230216 17:11:16.173" endtime="20230216 17:11:16.173"/>
</kw>
<kw name="Type Text" library="Inputs">
<arg>ABAX Group</arg>
<arg>Company</arg>
<msg timestamp="20230216 17:11:17.331" level="INFO">&lt;selenium.webdriver.firefox.webelement.FirefoxWebElement (session="9a6b9b8f-f8c2-4963-b6bc-550ecc9f912f", element="b408651c-aa26-47d3-b5d4-c54274c7b73d")&gt;</msg>
<status status="PASS" starttime="20230216 17:11:16.173" endtime="20230216 17:11:17.331"/>
</kw>
<kw name="Select Choice" library="Inputs">
<arg>2</arg>
<status status="PASS" starttime="20230216 17:11:17.331" endtime="20230216 17:11:17.409"/>
</kw>
<kw name="Type Text" library="Inputs">
<arg>Initial Investement</arg>
<arg>Deal Type</arg>
<msg timestamp="20230216 17:11:18.592" level="INFO">&lt;selenium.webdriver.firefox.webelement.FirefoxWebElement (session="9a6b9b8f-f8c2-4963-b6bc-550ecc9f912f", element="f94ed8e8-02fa-49e0-9ecb-cd823ae1980d")&gt;</msg>
<status status="PASS" starttime="20230216 17:11:17.409" endtime="20230216 17:11:18.592"/>
</kw>
<kw name="Select Choice" library="Inputs">
<arg>2</arg>
<status status="PASS" starttime="20230216 17:11:18.592" endtime="20230216 17:11:18.655"/>
</kw>
<kw name="Custom Click Button" library="Clickables">
<arg>Save</arg>
<msg timestamp="20230216 17:11:19.950" level="INFO">(//button[.//*[normalize-space(text())='Save']])[1]
&lt;selenium.webdriver.firefox.webelement.FirefoxWebElement (session="9a6b9b8f-f8c2-4963-b6bc-550ecc9f912f", element="0ecf99ad-b71f-4078-bfac-c4d501789916")&gt;</msg>
<status status="PASS" starttime="20230216 17:11:18.656" endtime="20230216 17:11:19.950"/>
</kw>
<kw name="Close All Browsers" library="SeleniumLibrary" type="TEARDOWN">
<doc>Closes all open browsers and resets the browser cache.</doc>
<status status="PASS" starttime="20230216 17:11:19.951" endtime="20230216 17:11:20.338"/>
</kw>
<status status="PASS" starttime="20230216 17:11:01.603" endtime="20230216 17:11:20.339"/>
</test>
<test id="s1-t5" name="CompanieDeal" line="60">
<kw name="Make Valid Login" library="LoginPage">
<kw name="Open Login Page" library="LoginPage">
<kw name="Get Firefox Options" library="BrowserOptions">
<var>${options}</var>
<msg timestamp="20230216 17:11:20.341" level="INFO">${options} = &lt;selenium.webdriver.firefox.options.Options object at 0x7fcba05b7198&gt;</msg>
<status status="PASS" starttime="20230216 17:11:20.340" endtime="20230216 17:11:20.341"/>
</kw>
<kw name="Get Firefox Driver Path" library="BrowserOptions">
<var>${exec_path}</var>
<msg timestamp="20230216 17:11:20.341" level="INFO">====== WebDriver manager ======</msg>
<msg timestamp="20230216 17:11:20.377" level="INFO">Current firefox version is 109.0</msg>
<msg timestamp="20230216 17:11:20.377" level="INFO">Get LATEST geckodriver version for 109.0 firefox</msg>
<msg timestamp="20230216 17:11:20.719" level="INFO">Driver [/home/hassine/.wdm/drivers/geckodriver/linux64/v0.32.2/geckodriver] found in cache</msg>
<msg timestamp="20230216 17:11:20.719" level="INFO">${exec_path} = /home/hassine/.wdm/drivers/geckodriver/linux64/v0.32.2/geckodriver</msg>
<status status="PASS" starttime="20230216 17:11:20.341" endtime="20230216 17:11:20.719"/>
</kw>
<kw name="Open Browser" library="SeleniumLibrary">
<arg>${url}</arg>
<arg>executable_path=${exec_path}</arg>
<arg>options=${options}</arg>
<doc>Opens a new browser instance to the optional ``url``.</doc>
<msg timestamp="20230216 17:11:20.721" level="INFO">Opening browser 'firefox' to base url 'http://192.168.1.126:8084/quest-pe/v2/auth/#/login'.</msg>
<msg timestamp="20230216 17:11:20.721" level="INFO">Firefox driver log is always forced to to: /home/hassine/quest-automated-tests/test/geckodriver-11.log</msg>
<status status="PASS" starttime="20230216 17:11:20.719" endtime="20230216 17:11:24.529"/>
</kw>
<kw name="Maximize" library="BrowserOptions">
<status status="PASS" starttime="20230216 17:11:24.529" endtime="20230216 17:11:24.843"/>
</kw>
<status status="PASS" starttime="20230216 17:11:20.340" endtime="20230216 17:11:24.844"/>
</kw>
<kw name="Fill Login Info" library="LoginPage">
<arg>${valid_username}</arg>
<arg>${valid_password}</arg>
<kw name="Input Text" library="SeleniumLibrary">
<arg>${username_field_locator}</arg>
<arg>${username}</arg>
<doc>Types the given ``text`` into the text field identified by ``locator``.</doc>
<msg timestamp="20230216 17:11:24.845" level="INFO">Typing text 'demo_pe' into text field 'id:login-input'.</msg>
<status status="PASS" starttime="20230216 17:11:24.844" endtime="20230216 17:11:24.938"/>
</kw>
<kw name="Input Text" library="SeleniumLibrary">
<arg>${password_field_locator}</arg>
<arg>${password}</arg>
<doc>Types the given ``text`` into the text field identified by ``locator``.</doc>
<msg timestamp="20230216 17:11:24.938" level="INFO">Typing text 'mype#ads*1515' into text field 'id:pwd-input'.</msg>
<status status="PASS" starttime="20230216 17:11:24.938" endtime="20230216 17:11:24.968"/>
</kw>
<status status="PASS" starttime="20230216 17:11:24.844" endtime="20230216 17:11:24.968"/>
</kw>
<kw name="Click Login" library="LoginPage">
<kw name="Click Button" library="SeleniumLibrary">
<arg>${login_button_locator}</arg>
<doc>Clicks the button identified by ``locator``.</doc>
<msg timestamp="20230216 17:11:24.969" level="INFO">Clicking button '//button'.</msg>
<status status="PASS" starttime="20230216 17:11:24.968" endtime="20230216 17:11:32.969"/>
</kw>
<status status="PASS" starttime="20230216 17:11:24.968" endtime="20230216 17:11:32.969"/>
</kw>
<kw name="Wait Until Keyword Succeeds" library="BuiltIn">
<arg>5s</arg>
<arg>500ms</arg>
<arg>title should be</arg>
<arg>${success_page_name}</arg>
<doc>Runs the specified keyword and retries if it fails.</doc>
<kw name="Title Should Be" library="SeleniumLibrary">
<arg>${success_page_name}</arg>
<doc>Verifies that the current page title equals ``title``.</doc>
<msg timestamp="20230216 17:11:32.972" level="INFO">Page title is 'Quest'.</msg>
<status status="PASS" starttime="20230216 17:11:32.970" endtime="20230216 17:11:32.972"/>
</kw>
<status status="PASS" starttime="20230216 17:11:32.969" endtime="20230216 17:11:32.972"/>
</kw>
<status status="PASS" starttime="20230216 17:11:20.340" endtime="20230216 17:11:32.972"/>
</kw>
<kw name="Wait" library="Window">
<arg>1</arg>
<status status="PASS" starttime="20230216 17:11:32.973" endtime="20230216 17:11:33.974"/>
</kw>
<kw name="Click Side Menu Item" library="SideMenu">
<arg>Companies</arg>
<msg timestamp="20230216 17:11:35.256" level="INFO">&lt;selenium.webdriver.firefox.webelement.FirefoxWebElement (session="3d82121c-2dd2-45cf-aa4c-3d23e5011511", element="b6f4cfca-eadc-4211-8961-ac04f24e8715")&gt;</msg>
<status status="PASS" starttime="20230216 17:11:33.976" endtime="20230216 17:11:35.256"/>
</kw>
<kw name="Select Window" library="Selection">
<arg>All Companies</arg>
<status status="PASS" starttime="20230216 17:11:35.256" endtime="20230216 17:11:35.257"/>
</kw>
<kw name="Custom Click Button" library="Clickables">
<arg>Add New Company</arg>
<msg timestamp="20230216 17:11:36.603" level="INFO">(//button[.//*[normalize-space(text())='Add New Company']])[1]
&lt;selenium.webdriver.firefox.webelement.FirefoxWebElement (session="3d82121c-2dd2-45cf-aa4c-3d23e5011511", element="1a5df31f-6864-4fad-8e29-bde20b90d492")&gt;</msg>
<status status="PASS" starttime="20230216 17:11:35.257" endtime="20230216 17:11:36.603"/>
</kw>
<kw name="Select Window" library="Selection">
<arg>Add New Company</arg>
<status status="PASS" starttime="20230216 17:11:36.604" endtime="20230216 17:11:36.605"/>
</kw>
<kw name="Type Text" library="Inputs">
<arg>testcompanyteste2911</arg>
<arg>Name</arg>
<msg timestamp="20230216 17:11:37.985" level="INFO">&lt;selenium.webdriver.firefox.webelement.FirefoxWebElement (session="3d82121c-2dd2-45cf-aa4c-3d23e5011511", element="8e07d075-92cd-410d-96c3-cd0e84388eb5")&gt;</msg>
<status status="PASS" starttime="20230216 17:11:36.605" endtime="20230216 17:11:37.986"/>
</kw>
<kw name="Type Text" library="Inputs">
<arg>Deal</arg>
<arg>Category</arg>
<msg timestamp="20230216 17:11:39.067" level="INFO">&lt;selenium.webdriver.firefox.webelement.FirefoxWebElement (session="3d82121c-2dd2-45cf-aa4c-3d23e5011511", element="ef407749-608f-4bb4-b03c-9b69ece85ff0")&gt;</msg>
<status status="PASS" starttime="20230216 17:11:37.986" endtime="20230216 17:11:39.067"/>
</kw>
<kw name="Select Choice" library="Inputs">
<arg>2</arg>
<status status="PASS" starttime="20230216 17:11:39.067" endtime="20230216 17:11:39.148"/>
</kw>
<kw name="Type Text" library="Inputs">
<arg>IP Paris</arg>
<arg>Office In Charge</arg>
<msg timestamp="20230216 17:11:40.270" level="INFO">&lt;selenium.webdriver.firefox.webelement.FirefoxWebElement (session="3d82121c-2dd2-45cf-aa4c-3d23e5011511", element="a648aeb9-2c81-48a3-884e-542c69d9fdd1")&gt;</msg>
<status status="PASS" starttime="20230216 17:11:39.151" endtime="20230216 17:11:40.270"/>
</kw>
<kw name="Select Choice" library="Inputs">
<arg>2</arg>
<status status="PASS" starttime="20230216 17:11:40.270" endtime="20230216 17:11:40.340"/>
</kw>
<kw name="Custom Click Button" library="Clickables">
<arg>Proceed to create deal</arg>
<msg timestamp="20230216 17:11:41.648" level="INFO">(//button[.//*[normalize-space(text())='Proceed to create deal']])[1]
&lt;selenium.webdriver.firefox.webelement.FirefoxWebElement (session="3d82121c-2dd2-45cf-aa4c-3d23e5011511", element="ff7bf934-0934-446f-a3af-3aeee56fc83e")&gt;</msg>
<status status="PASS" starttime="20230216 17:11:40.340" endtime="20230216 17:11:41.648"/>
</kw>
<kw name="Clear Selection" library="Selection">
<status status="PASS" starttime="20230216 17:11:41.648" endtime="20230216 17:11:41.648"/>
</kw>
<kw name="Select Window" library="Selection">
<arg>Add Company Deal</arg>
<status status="PASS" starttime="20230216 17:11:41.648" endtime="20230216 17:11:41.649"/>
</kw>
<kw name="Type Text" library="Inputs">
<arg>Initial Investement</arg>
<arg>Deal Type</arg>
<msg timestamp="20230216 17:11:42.969" level="INFO">&lt;selenium.webdriver.firefox.webelement.FirefoxWebElement (session="3d82121c-2dd2-45cf-aa4c-3d23e5011511", element="0c5ce8cf-f0e7-439c-be03-644b2bcde4ae")&gt;</msg>
<status status="PASS" starttime="20230216 17:11:41.649" endtime="20230216 17:11:42.970"/>
</kw>
<kw name="Select Choice" library="Inputs">
<arg>2</arg>
<status status="PASS" starttime="20230216 17:11:42.970" endtime="20230216 17:11:43.067"/>
</kw>
<kw name="Type Text" library="Inputs">
<arg>VC fund</arg>
<arg>Fund in charge</arg>
<msg timestamp="20230216 17:11:44.178" level="INFO">&lt;selenium.webdriver.firefox.webelement.FirefoxWebElement (session="3d82121c-2dd2-45cf-aa4c-3d23e5011511", element="8cadf36a-fcad-4cfa-aab2-bea7359774a0")&gt;</msg>
<status status="PASS" starttime="20230216 17:11:43.068" endtime="20230216 17:11:44.178"/>
</kw>
<kw name="Select Choice" library="Inputs">
<arg>2</arg>
<status status="PASS" starttime="20230216 17:11:44.179" endtime="20230216 17:11:44.283"/>
</kw>
<kw name="Custom Click Button" library="Clickables">
<arg>Save</arg>
<msg timestamp="20230216 17:11:45.598" level="INFO">(//button[.//*[normalize-space(text())='Save']])[1]
&lt;selenium.webdriver.firefox.webelement.FirefoxWebElement (session="3d82121c-2dd2-45cf-aa4c-3d23e5011511", element="0b084a44-4e95-470b-b5fe-6e78ac267f8f")&gt;</msg>
<status status="PASS" starttime="20230216 17:11:44.284" endtime="20230216 17:11:45.598"/>
</kw>
<kw name="Select Window" library="Selection">
<arg>testcompanyteste2911</arg>
<status status="PASS" starttime="20230216 17:11:45.598" endtime="20230216 17:11:45.598"/>
</kw>
<kw name="Custom Click Button" library="Clickables">
<arg>Save</arg>
<msg timestamp="20230216 17:11:48.114" level="INFO">(//button[.//*[normalize-space(text())='Save']])[1]
&lt;selenium.webdriver.firefox.webelement.FirefoxWebElement (session="3d82121c-2dd2-45cf-aa4c-3d23e5011511", element="de19b76e-58b6-4e69-8e17-f4c4d25dd856")&gt;</msg>
<status status="PASS" starttime="20230216 17:11:45.599" endtime="20230216 17:11:48.114"/>
</kw>
<kw name="Close All Browsers" library="SeleniumLibrary" type="TEARDOWN">
<doc>Closes all open browsers and resets the browser cache.</doc>
<status status="PASS" starttime="20230216 17:11:48.115" endtime="20230216 17:11:48.549"/>
</kw>
<status status="PASS" starttime="20230216 17:11:20.339" endtime="20230216 17:11:48.549"/>
</test>
<test id="s1-t6" name="SPV" line="82">
<kw name="Make Valid Login" library="LoginPage">
<kw name="Open Login Page" library="LoginPage">
<kw name="Get Firefox Options" library="BrowserOptions">
<var>${options}</var>
<msg timestamp="20230216 17:11:48.551" level="INFO">${options} = &lt;selenium.webdriver.firefox.options.Options object at 0x7fcba079d128&gt;</msg>
<status status="PASS" starttime="20230216 17:11:48.551" endtime="20230216 17:11:48.551"/>
</kw>
<kw name="Get Firefox Driver Path" library="BrowserOptions">
<var>${exec_path}</var>
<msg timestamp="20230216 17:11:48.552" level="INFO">====== WebDriver manager ======</msg>
<msg timestamp="20230216 17:11:48.585" level="INFO">Current firefox version is 109.0</msg>
<msg timestamp="20230216 17:11:48.585" level="INFO">Get LATEST geckodriver version for 109.0 firefox</msg>
<msg timestamp="20230216 17:11:48.760" level="INFO">Driver [/home/hassine/.wdm/drivers/geckodriver/linux64/v0.32.2/geckodriver] found in cache</msg>
<msg timestamp="20230216 17:11:48.761" level="INFO">${exec_path} = /home/hassine/.wdm/drivers/geckodriver/linux64/v0.32.2/geckodriver</msg>
<status status="PASS" starttime="20230216 17:11:48.552" endtime="20230216 17:11:48.761"/>
</kw>
<kw name="Open Browser" library="SeleniumLibrary">
<arg>${url}</arg>
<arg>executable_path=${exec_path}</arg>
<arg>options=${options}</arg>
<doc>Opens a new browser instance to the optional ``url``.</doc>
<msg timestamp="20230216 17:11:48.764" level="INFO">Opening browser 'firefox' to base url 'http://192.168.1.126:8084/quest-pe/v2/auth/#/login'.</msg>
<msg timestamp="20230216 17:11:48.765" level="INFO">Firefox driver log is always forced to to: /home/hassine/quest-automated-tests/test/geckodriver-12.log</msg>
<status status="PASS" starttime="20230216 17:11:48.761" endtime="20230216 17:11:52.243"/>
</kw>
<kw name="Maximize" library="BrowserOptions">
<status status="PASS" starttime="20230216 17:11:52.244" endtime="20230216 17:11:52.505"/>
</kw>
<status status="PASS" starttime="20230216 17:11:48.551" endtime="20230216 17:11:52.506"/>
</kw>
<kw name="Fill Login Info" library="LoginPage">
<arg>${valid_username}</arg>
<arg>${valid_password}</arg>
<kw name="Input Text" library="SeleniumLibrary">
<arg>${username_field_locator}</arg>
<arg>${username}</arg>
<doc>Types the given ``text`` into the text field identified by ``locator``.</doc>
<msg timestamp="20230216 17:11:52.509" level="INFO">Typing text 'demo_pe' into text field 'id:login-input'.</msg>
<status status="PASS" starttime="20230216 17:11:52.508" endtime="20230216 17:11:52.554"/>
</kw>
<kw name="Input Text" library="SeleniumLibrary">
<arg>${password_field_locator}</arg>
<arg>${password}</arg>
<doc>Types the given ``text`` into the text field identified by ``locator``.</doc>
<msg timestamp="20230216 17:11:52.556" level="INFO">Typing text 'mype#ads*1515' into text field 'id:pwd-input'.</msg>
<status status="PASS" starttime="20230216 17:11:52.555" endtime="20230216 17:11:52.576"/>
</kw>
<status status="PASS" starttime="20230216 17:11:52.506" endtime="20230216 17:11:52.576"/>
</kw>
<kw name="Click Login" library="LoginPage">
<kw name="Click Button" library="SeleniumLibrary">
<arg>${login_button_locator}</arg>
<doc>Clicks the button identified by ``locator``.</doc>
<msg timestamp="20230216 17:11:52.577" level="INFO">Clicking button '//button'.</msg>
<status status="PASS" starttime="20230216 17:11:52.577" endtime="20230216 17:12:00.766"/>
</kw>
<status status="PASS" starttime="20230216 17:11:52.576" endtime="20230216 17:12:00.767"/>
</kw>
<kw name="Wait Until Keyword Succeeds" library="BuiltIn">
<arg>5s</arg>
<arg>500ms</arg>
<arg>title should be</arg>
<arg>${success_page_name}</arg>
<doc>Runs the specified keyword and retries if it fails.</doc>
<kw name="Title Should Be" library="SeleniumLibrary">
<arg>${success_page_name}</arg>
<doc>Verifies that the current page title equals ``title``.</doc>
<msg timestamp="20230216 17:12:00.770" level="INFO">Page title is 'Quest'.</msg>
<status status="PASS" starttime="20230216 17:12:00.767" endtime="20230216 17:12:00.770"/>
</kw>
<status status="PASS" starttime="20230216 17:12:00.767" endtime="20230216 17:12:00.770"/>
</kw>
<status status="PASS" starttime="20230216 17:11:48.550" endtime="20230216 17:12:00.770"/>
</kw>
<kw name="Wait" library="Window">
<arg>1</arg>
<status status="PASS" starttime="20230216 17:12:00.771" endtime="20230216 17:12:01.772"/>
</kw>
<kw name="Mouse Over Side Menu Item" library="SideMenu">
<arg>Portfolio</arg>
<msg timestamp="20230216 17:12:02.066" level="INFO">&lt;selenium.webdriver.firefox.webelement.FirefoxWebElement (session="7505b27f-e29c-498f-98a3-59de3d7f0bc6", element="4e87f1ab-7d8f-4387-adb2-167273057380")&gt;</msg>
<status status="PASS" starttime="20230216 17:12:01.772" endtime="20230216 17:12:02.066"/>
</kw>
<kw name="Click Side Menu Item" library="SideMenu">
<arg>SPV</arg>
<msg timestamp="20230216 17:12:03.355" level="INFO">&lt;selenium.webdriver.firefox.webelement.FirefoxWebElement (session="7505b27f-e29c-498f-98a3-59de3d7f0bc6", element="46f9f333-57cb-48d6-99e8-29c84c3ba3a9")&gt;</msg>
<status status="PASS" starttime="20230216 17:12:02.066" endtime="20230216 17:12:03.355"/>
</kw>
<kw name="Select Window" library="Selection">
<arg>SPV</arg>
<status status="PASS" starttime="20230216 17:12:03.356" endtime="20230216 17:12:03.357"/>
</kw>
<kw name="Custom Click Button" library="Clickables">
<arg>Add new SPV</arg>
<msg timestamp="20230216 17:12:04.998" level="INFO">(//button[.//*[normalize-space(text())='Add new SPV']])[1]
&lt;selenium.webdriver.firefox.webelement.FirefoxWebElement (session="7505b27f-e29c-498f-98a3-59de3d7f0bc6", element="5d5d7fb2-7e5d-4715-9f4a-64983bb33f9e")&gt;</msg>
<status status="PASS" starttime="20230216 17:12:03.358" endtime="20230216 17:12:04.998"/>
</kw>
<kw name="Select Window" library="Selection">
<arg>New spv</arg>
<status status="PASS" starttime="20230216 17:12:04.999" endtime="20230216 17:12:04.999"/>
</kw>
<kw name="Type Text" library="Inputs">
<arg>test</arg>
<arg>Legal Name</arg>
<msg timestamp="20230216 17:12:06.131" level="INFO">&lt;selenium.webdriver.firefox.webelement.FirefoxWebElement (session="7505b27f-e29c-498f-98a3-59de3d7f0bc6", element="448238c5-22c5-4aa7-b202-3c92af79e957")&gt;</msg>
<status status="PASS" starttime="20230216 17:12:05.000" endtime="20230216 17:12:06.131"/>
</kw>
<kw name="Custom Click Button" library="Clickables">
<arg>Save</arg>
<msg timestamp="20230216 17:12:07.475" level="INFO">(//button[.//*[normalize-space(text())='Save']])[1]
&lt;selenium.webdriver.firefox.webelement.FirefoxWebElement (session="7505b27f-e29c-498f-98a3-59de3d7f0bc6", element="9f6ad103-f63a-4bc2-a8e1-5d854ec6e86c")&gt;</msg>
<status status="PASS" starttime="20230216 17:12:06.131" endtime="20230216 17:12:07.475"/>
</kw>
<kw name="Close All Browsers" library="SeleniumLibrary" type="TEARDOWN">
<doc>Closes all open browsers and resets the browser cache.</doc>
<status status="PASS" starttime="20230216 17:12:07.476" endtime="20230216 17:12:07.971"/>
</kw>
<status status="PASS" starttime="20230216 17:11:48.550" endtime="20230216 17:12:07.971"/>
</test>
<test id="s1-t7" name="ActionPlan" line="92">
<kw name="Make Valid Login" library="LoginPage">
<kw name="Open Login Page" library="LoginPage">
<kw name="Get Firefox Options" library="BrowserOptions">
<var>${options}</var>
<msg timestamp="20230216 17:12:07.973" level="INFO">${options} = &lt;selenium.webdriver.firefox.options.Options object at 0x7fcba05580f0&gt;</msg>
<status status="PASS" starttime="20230216 17:12:07.973" endtime="20230216 17:12:07.973"/>
</kw>
<kw name="Get Firefox Driver Path" library="BrowserOptions">
<var>${exec_path}</var>
<msg timestamp="20230216 17:12:07.974" level="INFO">====== WebDriver manager ======</msg>
<msg timestamp="20230216 17:12:08.005" level="INFO">Current firefox version is 109.0</msg>
<msg timestamp="20230216 17:12:08.005" level="INFO">Get LATEST geckodriver version for 109.0 firefox</msg>
<msg timestamp="20230216 17:12:08.173" level="INFO">Driver [/home/hassine/.wdm/drivers/geckodriver/linux64/v0.32.2/geckodriver] found in cache</msg>
<msg timestamp="20230216 17:12:08.174" level="INFO">${exec_path} = /home/hassine/.wdm/drivers/geckodriver/linux64/v0.32.2/geckodriver</msg>
<status status="PASS" starttime="20230216 17:12:07.973" endtime="20230216 17:12:08.174"/>
</kw>
<kw name="Open Browser" library="SeleniumLibrary">
<arg>${url}</arg>
<arg>executable_path=${exec_path}</arg>
<arg>options=${options}</arg>
<doc>Opens a new browser instance to the optional ``url``.</doc>
<msg timestamp="20230216 17:12:08.176" level="INFO">Opening browser 'firefox' to base url 'http://192.168.1.126:8084/quest-pe/v2/auth/#/login'.</msg>
<msg timestamp="20230216 17:12:08.177" level="INFO">Firefox driver log is always forced to to: /home/hassine/quest-automated-tests/test/geckodriver-13.log</msg>
<status status="PASS" starttime="20230216 17:12:08.175" endtime="20230216 17:12:11.729"/>
</kw>
<kw name="Maximize" library="BrowserOptions">
<status status="PASS" starttime="20230216 17:12:11.730" endtime="20230216 17:12:11.994"/>
</kw>
<status status="PASS" starttime="20230216 17:12:07.973" endtime="20230216 17:12:11.994"/>
</kw>
<kw name="Fill Login Info" library="LoginPage">
<arg>${valid_username}</arg>
<arg>${valid_password}</arg>
<kw name="Input Text" library="SeleniumLibrary">
<arg>${username_field_locator}</arg>
<arg>${username}</arg>
<doc>Types the given ``text`` into the text field identified by ``locator``.</doc>
<msg timestamp="20230216 17:12:11.997" level="INFO">Typing text 'demo_pe' into text field 'id:login-input'.</msg>
<status status="PASS" starttime="20230216 17:12:11.996" endtime="20230216 17:12:12.041"/>
</kw>
<kw name="Input Text" library="SeleniumLibrary">
<arg>${password_field_locator}</arg>
<arg>${password}</arg>
<doc>Types the given ``text`` into the text field identified by ``locator``.</doc>
<msg timestamp="20230216 17:12:12.042" level="INFO">Typing text 'mype#ads*1515' into text field 'id:pwd-input'.</msg>
<status status="PASS" starttime="20230216 17:12:12.042" endtime="20230216 17:12:12.060"/>
</kw>
<status status="PASS" starttime="20230216 17:12:11.994" endtime="20230216 17:12:12.061"/>
</kw>
<kw name="Click Login" library="LoginPage">
<kw name="Click Button" library="SeleniumLibrary">
<arg>${login_button_locator}</arg>
<doc>Clicks the button identified by ``locator``.</doc>
<msg timestamp="20230216 17:12:12.062" level="INFO">Clicking button '//button'.</msg>
<status status="PASS" starttime="20230216 17:12:12.061" endtime="20230216 17:12:20.260"/>
</kw>
<status status="PASS" starttime="20230216 17:12:12.061" endtime="20230216 17:12:20.260"/>
</kw>
<kw name="Wait Until Keyword Succeeds" library="BuiltIn">
<arg>5s</arg>
<arg>500ms</arg>
<arg>title should be</arg>
<arg>${success_page_name}</arg>
<doc>Runs the specified keyword and retries if it fails.</doc>
<kw name="Title Should Be" library="SeleniumLibrary">
<arg>${success_page_name}</arg>
<doc>Verifies that the current page title equals ``title``.</doc>
<msg timestamp="20230216 17:12:20.263" level="INFO">Page title is 'Quest'.</msg>
<status status="PASS" starttime="20230216 17:12:20.261" endtime="20230216 17:12:20.263"/>
</kw>
<status status="PASS" starttime="20230216 17:12:20.260" endtime="20230216 17:12:20.263"/>
</kw>
<status status="PASS" starttime="20230216 17:12:07.972" endtime="20230216 17:12:20.263"/>
</kw>
<kw name="Wait" library="Window">
<arg>1</arg>
<status status="PASS" starttime="20230216 17:12:20.264" endtime="20230216 17:12:21.265"/>
</kw>
<kw name="Mouse Over Side Menu Item" library="SideMenu">
<arg>Portfolio</arg>
<msg timestamp="20230216 17:12:21.549" level="INFO">&lt;selenium.webdriver.firefox.webelement.FirefoxWebElement (session="169f0fcf-29c0-4e46-812a-d15606d3db9a", element="20e3d650-f112-4c79-afec-bc5e9faf1ead")&gt;</msg>
<status status="PASS" starttime="20230216 17:12:21.266" endtime="20230216 17:12:21.549"/>
</kw>
<kw name="Click Side Menu Item" library="SideMenu">
<arg>ESG Action Plans</arg>
<msg timestamp="20230216 17:12:22.834" level="INFO">&lt;selenium.webdriver.firefox.webelement.FirefoxWebElement (session="169f0fcf-29c0-4e46-812a-d15606d3db9a", element="0fef20b8-4793-4bf8-a293-ad72d88d9a1d")&gt;</msg>
<status status="PASS" starttime="20230216 17:12:21.549" endtime="20230216 17:12:22.834"/>
</kw>
<kw name="Select Window" library="Selection">
<arg>ESG Action Plans</arg>
<status status="PASS" starttime="20230216 17:12:22.835" endtime="20230216 17:12:22.836"/>
</kw>
<kw name="Custom Click Button" library="Clickables">
<arg>Add action plan</arg>
<msg timestamp="20230216 17:12:24.309" level="INFO">(//button[.//*[normalize-space(text())='Add action plan']])[1]
&lt;selenium.webdriver.firefox.webelement.FirefoxWebElement (session="169f0fcf-29c0-4e46-812a-d15606d3db9a", element="6427bf00-4184-4bc1-9410-7f6d938c1fd9")&gt;</msg>
<status status="PASS" starttime="20230216 17:12:22.836" endtime="20230216 17:12:24.310"/>
</kw>
<kw name="Select Window" library="Selection">
<arg>Add action plan</arg>
<status status="PASS" starttime="20230216 17:12:24.310" endtime="20230216 17:12:24.310"/>
</kw>
<kw name="Type Text" library="Inputs">
<arg>test</arg>
<arg>Company</arg>
<msg timestamp="20230216 17:12:25.427" level="INFO">&lt;selenium.webdriver.firefox.webelement.FirefoxWebElement (session="169f0fcf-29c0-4e46-812a-d15606d3db9a", element="212fffc3-dcae-4de2-8653-0174f02001d4")&gt;</msg>
<status status="PASS" starttime="20230216 17:12:24.310" endtime="20230216 17:12:25.427"/>
</kw>
<kw name="Type Text" library="Inputs">
<arg>PS 2: Labor and Working Conditions</arg>
<arg>Performance Standard</arg>
<msg timestamp="20230216 17:12:27.025" level="INFO">&lt;selenium.webdriver.firefox.webelement.FirefoxWebElement (session="169f0fcf-29c0-4e46-812a-d15606d3db9a", element="a0ebd870-8ed3-4969-8ee4-abd7bd472203")&gt;</msg>
<status status="PASS" starttime="20230216 17:12:25.428" endtime="20230216 17:12:27.025"/>
</kw>
<kw name="Select Choice" library="Inputs">
<arg>2</arg>
<status status="PASS" starttime="20230216 17:12:27.025" endtime="20230216 17:12:27.114"/>
</kw>
<kw name="Type Text" library="Inputs">
<arg>Tunisia</arg>
<arg>Country/Region</arg>
<msg timestamp="20230216 17:12:28.273" level="INFO">&lt;selenium.webdriver.firefox.webelement.FirefoxWebElement (session="169f0fcf-29c0-4e46-812a-d15606d3db9a", element="0689d171-d2d9-447a-933b-0f8942452ab1")&gt;</msg>
<status status="PASS" starttime="20230216 17:12:27.114" endtime="20230216 17:12:28.273"/>
</kw>
<kw name="Select Choice" library="Inputs">
<arg>2</arg>
<status status="PASS" starttime="20230216 17:12:28.273" endtime="20230216 17:12:28.372"/>
</kw>
<kw name="Custom Click Button" library="Clickables">
<arg>Save</arg>
<msg timestamp="20230216 17:12:29.795" level="INFO">(//button[.//*[normalize-space(text())='Save']])[1]
&lt;selenium.webdriver.firefox.webelement.FirefoxWebElement (session="169f0fcf-29c0-4e46-812a-d15606d3db9a", element="65639d69-8703-4c4c-a2b6-1aeefcc885c0")&gt;</msg>
<status status="PASS" starttime="20230216 17:12:28.372" endtime="20230216 17:12:29.795"/>
</kw>
<kw name="Close All Browsers" library="SeleniumLibrary" type="TEARDOWN">
<doc>Closes all open browsers and resets the browser cache.</doc>
<status status="PASS" starttime="20230216 17:12:29.797" endtime="20230216 17:12:30.302"/>
</kw>
<status status="PASS" starttime="20230216 17:12:07.971" endtime="20230216 17:12:30.302"/>
</test>
<test id="s1-t8" name="Alerte" line="106">
<kw name="Make Valid Login" library="LoginPage">
<kw name="Open Login Page" library="LoginPage">
<kw name="Get Firefox Options" library="BrowserOptions">
<var>${options}</var>
<msg timestamp="20230216 17:12:30.304" level="INFO">${options} = &lt;selenium.webdriver.firefox.options.Options object at 0x7fcba05c25c0&gt;</msg>
<status status="PASS" starttime="20230216 17:12:30.304" endtime="20230216 17:12:30.305"/>
</kw>
<kw name="Get Firefox Driver Path" library="BrowserOptions">
<var>${exec_path}</var>
<msg timestamp="20230216 17:12:30.305" level="INFO">====== WebDriver manager ======</msg>
<msg timestamp="20230216 17:12:30.346" level="INFO">Current firefox version is 109.0</msg>
<msg timestamp="20230216 17:12:30.346" level="INFO">Get LATEST geckodriver version for 109.0 firefox</msg>
<msg timestamp="20230216 17:12:30.691" level="INFO">Driver [/home/hassine/.wdm/drivers/geckodriver/linux64/v0.32.2/geckodriver] found in cache</msg>
<msg timestamp="20230216 17:12:30.691" level="INFO">${exec_path} = /home/hassine/.wdm/drivers/geckodriver/linux64/v0.32.2/geckodriver</msg>
<status status="PASS" starttime="20230216 17:12:30.305" endtime="20230216 17:12:30.691"/>
</kw>
<kw name="Open Browser" library="SeleniumLibrary">
<arg>${url}</arg>
<arg>executable_path=${exec_path}</arg>
<arg>options=${options}</arg>
<doc>Opens a new browser instance to the optional ``url``.</doc>
<msg timestamp="20230216 17:12:30.693" level="INFO">Opening browser 'firefox' to base url 'http://192.168.1.126:8084/quest-pe/v2/auth/#/login'.</msg>
<msg timestamp="20230216 17:12:30.694" level="INFO">Firefox driver log is always forced to to: /home/hassine/quest-automated-tests/test/geckodriver-14.log</msg>
<status status="PASS" starttime="20230216 17:12:30.692" endtime="20230216 17:12:34.435"/>
</kw>
<kw name="Maximize" library="BrowserOptions">
<status status="PASS" starttime="20230216 17:12:34.436" endtime="20230216 17:12:34.725"/>
</kw>
<status status="PASS" starttime="20230216 17:12:30.304" endtime="20230216 17:12:34.726"/>
</kw>
<kw name="Fill Login Info" library="LoginPage">
<arg>${valid_username}</arg>
<arg>${valid_password}</arg>
<kw name="Input Text" library="SeleniumLibrary">
<arg>${username_field_locator}</arg>
<arg>${username}</arg>
<doc>Types the given ``text`` into the text field identified by ``locator``.</doc>
<msg timestamp="20230216 17:12:34.738" level="INFO">Typing text 'demo_pe' into text field 'id:login-input'.</msg>
<status status="PASS" starttime="20230216 17:12:34.738" endtime="20230216 17:12:34.838"/>
</kw>
<kw name="Input Text" library="SeleniumLibrary">
<arg>${password_field_locator}</arg>
<arg>${password}</arg>
<doc>Types the given ``text`` into the text field identified by ``locator``.</doc>
<msg timestamp="20230216 17:12:34.840" level="INFO">Typing text 'mype#ads*1515' into text field 'id:pwd-input'.</msg>
<status status="PASS" starttime="20230216 17:12:34.839" endtime="20230216 17:12:34.874"/>
</kw>
<status status="PASS" starttime="20230216 17:12:34.726" endtime="20230216 17:12:34.875"/>
</kw>
<kw name="Click Login" library="LoginPage">
<kw name="Click Button" library="SeleniumLibrary">
<arg>${login_button_locator}</arg>
<doc>Clicks the button identified by ``locator``.</doc>
<msg timestamp="20230216 17:12:34.876" level="INFO">Clicking button '//button'.</msg>
<status status="PASS" starttime="20230216 17:12:34.875" endtime="20230216 17:12:43.510"/>
</kw>
<status status="PASS" starttime="20230216 17:12:34.875" endtime="20230216 17:12:43.510"/>
</kw>
<kw name="Wait Until Keyword Succeeds" library="BuiltIn">
<arg>5s</arg>
<arg>500ms</arg>
<arg>title should be</arg>
<arg>${success_page_name}</arg>
<doc>Runs the specified keyword and retries if it fails.</doc>
<kw name="Title Should Be" library="SeleniumLibrary">
<arg>${success_page_name}</arg>
<doc>Verifies that the current page title equals ``title``.</doc>
<msg timestamp="20230216 17:12:43.518" level="INFO">Page title is 'Quest'.</msg>
<status status="PASS" starttime="20230216 17:12:43.510" endtime="20230216 17:12:43.518"/>
</kw>
<status status="PASS" starttime="20230216 17:12:43.510" endtime="20230216 17:12:43.518"/>
</kw>
<status status="PASS" starttime="20230216 17:12:30.303" endtime="20230216 17:12:43.518"/>
</kw>
<kw name="Wait" library="Window">
<arg>1</arg>
<status status="PASS" starttime="20230216 17:12:43.519" endtime="20230216 17:12:44.520"/>
</kw>
<kw name="Mouse Over Side Menu Item" library="SideMenu">
<arg>Portfolio</arg>
<msg timestamp="20230216 17:12:44.813" level="INFO">&lt;selenium.webdriver.firefox.webelement.FirefoxWebElement (session="8499d641-acb0-463e-83c6-d2a81e389db3", element="f0957e2f-73c1-4584-b0af-a1b9c794b503")&gt;</msg>
<status status="PASS" starttime="20230216 17:12:44.521" endtime="20230216 17:12:44.813"/>
</kw>
<kw name="Click Side Menu Item" library="SideMenu">
<arg>Alerts And Reminders</arg>
<msg timestamp="20230216 17:12:46.111" level="INFO">&lt;selenium.webdriver.firefox.webelement.FirefoxWebElement (session="8499d641-acb0-463e-83c6-d2a81e389db3", element="9fd66d0a-1427-4d3e-913e-1cd82d6c9e35")&gt;</msg>
<status status="PASS" starttime="20230216 17:12:44.813" endtime="20230216 17:12:46.111"/>
</kw>
<kw name="Select Window" library="Selection">
<arg>Alerts And Reminders</arg>
<status status="PASS" starttime="20230216 17:12:46.111" endtime="20230216 17:12:46.112"/>
</kw>
<kw name="Custom Click Button" library="Clickables">
<arg>Add new alert</arg>
<msg timestamp="20230216 17:12:47.515" level="INFO">(//button[.//*[normalize-space(text())='Add new alert']])[1]
&lt;selenium.webdriver.firefox.webelement.FirefoxWebElement (session="8499d641-acb0-463e-83c6-d2a81e389db3", element="0c904bb4-8873-4905-b971-e293b34f061b")&gt;</msg>
<status status="PASS" starttime="20230216 17:12:46.112" endtime="20230216 17:12:47.515"/>
</kw>
<kw name="Select Window" library="Selection">
<arg>Add alert</arg>
<status status="PASS" starttime="20230216 17:12:47.515" endtime="20230216 17:12:47.515"/>
</kw>
<kw name="Type Text" library="Inputs">
<arg>Other alert</arg>
<arg>Type</arg>
<msg timestamp="20230216 17:12:48.662" level="INFO">&lt;selenium.webdriver.firefox.webelement.FirefoxWebElement (session="8499d641-acb0-463e-83c6-d2a81e389db3", element="0bdf3e73-4057-4dd3-a95f-726a4c3ee8e3")&gt;</msg>
<status status="PASS" starttime="20230216 17:12:47.516" endtime="20230216 17:12:48.662"/>
</kw>
<kw name="Select Choice" library="Inputs">
<arg>2</arg>
<status status="PASS" starttime="20230216 17:12:48.663" endtime="20230216 17:12:48.722"/>
</kw>
<kw name="Type Text" library="Inputs">
<arg>Advanced Derivative Solutions</arg>
<arg>Related To</arg>
<msg timestamp="20230216 17:12:50.018" level="INFO">&lt;selenium.webdriver.firefox.webelement.FirefoxWebElement (session="8499d641-acb0-463e-83c6-d2a81e389db3", element="f09b4179-a638-40b6-ace5-d312b17c130a")&gt;</msg>
<status status="PASS" starttime="20230216 17:12:48.723" endtime="20230216 17:12:50.018"/>
</kw>
<kw name="Wait" library="Window">
<arg>1</arg>
<status status="PASS" starttime="20230216 17:12:50.018" endtime="20230216 17:12:51.020"/>
</kw>
<kw name="Select Choice" library="Inputs">
<arg>2</arg>
<status status="PASS" starttime="20230216 17:12:51.020" endtime="20230216 17:12:51.066"/>
</kw>
<kw name="Type Text" library="Inputs">
<arg>Jeremy Hadjenberg</arg>
<arg>Assignee(s)</arg>
<msg timestamp="20230216 17:12:52.246" level="INFO">&lt;selenium.webdriver.firefox.webelement.FirefoxWebElement (session="8499d641-acb0-463e-83c6-d2a81e389db3", element="c36344d6-355a-4f9c-b564-15f0bd5d81d4")&gt;</msg>
<status status="PASS" starttime="20230216 17:12:51.067" endtime="20230216 17:12:52.246"/>
</kw>
<kw name="Wait" library="Window">
<arg>1</arg>
<status status="PASS" starttime="20230216 17:12:52.246" endtime="20230216 17:12:53.247"/>
</kw>
<kw name="Select Choice" library="Inputs">
<arg>2</arg>
<status status="PASS" starttime="20230216 17:12:53.248" endtime="20230216 17:12:53.297"/>
</kw>
<kw name="Type Text" library="Inputs">
<arg>08/12/2022</arg>
<arg>Start Date</arg>
<msg timestamp="20230216 17:12:54.468" level="INFO">&lt;selenium.webdriver.firefox.webelement.FirefoxWebElement (session="8499d641-acb0-463e-83c6-d2a81e389db3", element="973a007d-4175-4747-9f4b-e7918ffe0e30")&gt;</msg>
<status status="PASS" starttime="20230216 17:12:53.297" endtime="20230216 17:12:54.468"/>
</kw>
<kw name="Press Enter" library="Date">
<status status="PASS" starttime="20230216 17:12:54.469" endtime="20230216 17:12:54.489"/>
</kw>
<kw name="Type Text" library="Inputs">
<arg>10/12/2022</arg>
<arg>End Date</arg>
<msg timestamp="20230216 17:12:55.648" level="INFO">&lt;selenium.webdriver.firefox.webelement.FirefoxWebElement (session="8499d641-acb0-463e-83c6-d2a81e389db3", element="82b5ae9f-bc47-431c-811c-acd465f5986d")&gt;</msg>
<status status="PASS" starttime="20230216 17:12:54.489" endtime="20230216 17:12:55.648"/>
</kw>
<kw name="Press Enter" library="Date">
<status status="PASS" starttime="20230216 17:12:55.648" endtime="20230216 17:12:55.669"/>
</kw>
<kw name="Custom Click Button" library="Clickables">
<arg>Save</arg>
<msg timestamp="20230216 17:12:56.949" level="INFO">(//button[.//*[normalize-space(text())='Save']])[1]
&lt;selenium.webdriver.firefox.webelement.FirefoxWebElement (session="8499d641-acb0-463e-83c6-d2a81e389db3", element="da414cf4-8acb-4394-ba28-8f9142ee8ce2")&gt;</msg>
<status status="PASS" starttime="20230216 17:12:55.669" endtime="20230216 17:12:56.950"/>
</kw>
<kw name="Close All Browsers" library="SeleniumLibrary" type="TEARDOWN">
<doc>Closes all open browsers and resets the browser cache.</doc>
<status status="PASS" starttime="20230216 17:12:56.950" endtime="20230216 17:12:57.352"/>
</kw>
<status status="PASS" starttime="20230216 17:12:30.303" endtime="20230216 17:12:57.352"/>
</test>
<test id="s1-t9" name="Receivable" line="127">
<kw name="Make Valid Login" library="LoginPage">
<kw name="Open Login Page" library="LoginPage">
<kw name="Get Firefox Options" library="BrowserOptions">
<var>${options}</var>
<msg timestamp="20230216 17:12:57.354" level="INFO">${options} = &lt;selenium.webdriver.firefox.options.Options object at 0x7fcba05b1128&gt;</msg>
<status status="PASS" starttime="20230216 17:12:57.354" endtime="20230216 17:12:57.354"/>
</kw>
<kw name="Get Firefox Driver Path" library="BrowserOptions">
<var>${exec_path}</var>
<msg timestamp="20230216 17:12:57.354" level="INFO">====== WebDriver manager ======</msg>
<msg timestamp="20230216 17:12:57.385" level="INFO">Current firefox version is 109.0</msg>
<msg timestamp="20230216 17:12:57.386" level="INFO">Get LATEST geckodriver version for 109.0 firefox</msg>
<msg timestamp="20230216 17:12:57.801" level="INFO">Driver [/home/hassine/.wdm/drivers/geckodriver/linux64/v0.32.2/geckodriver] found in cache</msg>
<msg timestamp="20230216 17:12:57.802" level="INFO">${exec_path} = /home/hassine/.wdm/drivers/geckodriver/linux64/v0.32.2/geckodriver</msg>
<status status="PASS" starttime="20230216 17:12:57.354" endtime="20230216 17:12:57.802"/>
</kw>
<kw name="Open Browser" library="SeleniumLibrary">
<arg>${url}</arg>
<arg>executable_path=${exec_path}</arg>
<arg>options=${options}</arg>
<doc>Opens a new browser instance to the optional ``url``.</doc>
<msg timestamp="20230216 17:12:57.807" level="INFO">Opening browser 'firefox' to base url 'http://192.168.1.126:8084/quest-pe/v2/auth/#/login'.</msg>
<msg timestamp="20230216 17:12:57.807" level="INFO">Firefox driver log is always forced to to: /home/hassine/quest-automated-tests/test/geckodriver-15.log</msg>
<status status="PASS" starttime="20230216 17:12:57.803" endtime="20230216 17:13:01.266"/>
</kw>
<kw name="Maximize" library="BrowserOptions">
<status status="PASS" starttime="20230216 17:13:01.266" endtime="20230216 17:13:01.528"/>
</kw>
<status status="PASS" starttime="20230216 17:12:57.353" endtime="20230216 17:13:01.529"/>
</kw>
<kw name="Fill Login Info" library="LoginPage">
<arg>${valid_username}</arg>
<arg>${valid_password}</arg>
<kw name="Input Text" library="SeleniumLibrary">
<arg>${username_field_locator}</arg>
<arg>${username}</arg>
<doc>Types the given ``text`` into the text field identified by ``locator``.</doc>
<msg timestamp="20230216 17:13:01.536" level="INFO">Typing text 'demo_pe' into text field 'id:login-input'.</msg>
<status status="PASS" starttime="20230216 17:13:01.532" endtime="20230216 17:13:01.583"/>
</kw>
<kw name="Input Text" library="SeleniumLibrary">
<arg>${password_field_locator}</arg>
<arg>${password}</arg>
<doc>Types the given ``text`` into the text field identified by ``locator``.</doc>
<msg timestamp="20230216 17:13:01.584" level="INFO">Typing text 'mype#ads*1515' into text field 'id:pwd-input'.</msg>
<status status="PASS" starttime="20230216 17:13:01.583" endtime="20230216 17:13:01.601"/>
</kw>
<status status="PASS" starttime="20230216 17:13:01.530" endtime="20230216 17:13:01.601"/>
</kw>
<kw name="Click Login" library="LoginPage">
<kw name="Click Button" library="SeleniumLibrary">
<arg>${login_button_locator}</arg>
<doc>Clicks the button identified by ``locator``.</doc>
<msg timestamp="20230216 17:13:01.602" level="INFO">Clicking button '//button'.</msg>
<status status="PASS" starttime="20230216 17:13:01.602" endtime="20230216 17:13:14.379"/>
</kw>
<status status="PASS" starttime="20230216 17:13:01.601" endtime="20230216 17:13:14.379"/>
</kw>
<kw name="Wait Until Keyword Succeeds" library="BuiltIn">
<arg>5s</arg>
<arg>500ms</arg>
<arg>title should be</arg>
<arg>${success_page_name}</arg>
<doc>Runs the specified keyword and retries if it fails.</doc>
<kw name="Title Should Be" library="SeleniumLibrary">
<arg>${success_page_name}</arg>
<doc>Verifies that the current page title equals ``title``.</doc>
<msg timestamp="20230216 17:13:14.382" level="INFO">Page title is 'Quest'.</msg>
<status status="PASS" starttime="20230216 17:13:14.380" endtime="20230216 17:13:14.382"/>
</kw>
<status status="PASS" starttime="20230216 17:13:14.379" endtime="20230216 17:13:14.382"/>
</kw>
<status status="PASS" starttime="20230216 17:12:57.353" endtime="20230216 17:13:14.382"/>
</kw>
<kw name="Wait" library="Window">
<arg>1</arg>
<status status="PASS" starttime="20230216 17:13:14.383" endtime="20230216 17:13:15.384"/>
</kw>
<kw name="Mouse Over Side Menu Item" library="SideMenu">
<arg>Portfolio</arg>
<msg timestamp="20230216 17:13:15.678" level="INFO">&lt;selenium.webdriver.firefox.webelement.FirefoxWebElement (session="a6507726-7db0-4543-8990-493f1bacb8f5", element="2c527247-a270-4874-b339-c21417cdff40")&gt;</msg>
<status status="PASS" starttime="20230216 17:13:15.385" endtime="20230216 17:13:15.678"/>
</kw>
<kw name="Click Side Menu Item" library="SideMenu">
<arg>Receivables And Payables</arg>
<msg timestamp="20230216 17:13:16.963" level="INFO">&lt;selenium.webdriver.firefox.webelement.FirefoxWebElement (session="a6507726-7db0-4543-8990-493f1bacb8f5", element="2577b9ae-4be1-4626-9d05-fcf103645ee0")&gt;</msg>
<status status="PASS" starttime="20230216 17:13:15.678" endtime="20230216 17:13:16.963"/>
</kw>
<kw name="Select Window" library="Selection">
<arg>Receivables And Payables</arg>
<status status="PASS" starttime="20230216 17:13:16.964" endtime="20230216 17:13:16.964"/>
</kw>
<kw name="Custom Click Button" library="Clickables">
<arg>Add Receivable/Payable</arg>
<msg timestamp="20230216 17:13:18.613" level="INFO">(//button[.//*[normalize-space(text())='Add Receivable/Payable']])[1]
&lt;selenium.webdriver.firefox.webelement.FirefoxWebElement (session="a6507726-7db0-4543-8990-493f1bacb8f5", element="98325aaa-afc1-4092-8f14-644132f8a2e3")&gt;</msg>
<status status="PASS" starttime="20230216 17:13:16.964" endtime="20230216 17:13:18.614"/>
</kw>
<kw name="Select Window" library="Selection">
<arg>Add Receivable/Payable</arg>
<status status="PASS" starttime="20230216 17:13:18.614" endtime="20230216 17:13:18.614"/>
</kw>
<kw name="Type Text" library="Inputs">
<arg>Green fund</arg>
<arg>Fund</arg>
<msg timestamp="20230216 17:13:19.857" level="INFO">&lt;selenium.webdriver.firefox.webelement.FirefoxWebElement (session="a6507726-7db0-4543-8990-493f1bacb8f5", element="064accf1-6040-4a2e-953c-c5e26b8f92b7")&gt;</msg>
<status status="PASS" starttime="20230216 17:13:18.614" endtime="20230216 17:13:19.857"/>
</kw>
<kw name="Select Choice" library="Inputs">
<arg>2</arg>
<status status="PASS" starttime="20230216 17:13:19.857" endtime="20230216 17:13:19.956"/>
</kw>
<kw name="Type Text" library="Inputs">
<arg>Loan Repayment</arg>
<arg>Type</arg>
<msg timestamp="20230216 17:13:21.254" level="INFO">&lt;selenium.webdriver.firefox.webelement.FirefoxWebElement (session="a6507726-7db0-4543-8990-493f1bacb8f5", element="2a205717-590c-42fb-9c5c-1f477a3cdcc9")&gt;</msg>
<status status="PASS" starttime="20230216 17:13:19.957" endtime="20230216 17:13:21.254"/>
</kw>
<kw name="Select Choice" library="Inputs">
<arg>2</arg>
<status status="PASS" starttime="20230216 17:13:21.254" endtime="20230216 17:13:21.342"/>
</kw>
<kw name="Type Text" library="Inputs">
<arg>charlotte</arg>
<arg>Company</arg>
<msg timestamp="20230216 17:13:22.540" level="INFO">&lt;selenium.webdriver.firefox.webelement.FirefoxWebElement (session="a6507726-7db0-4543-8990-493f1bacb8f5", element="fa281f17-fffc-474d-a978-b352f334936c")&gt;</msg>
<status status="PASS" starttime="20230216 17:13:21.342" endtime="20230216 17:13:22.540"/>
</kw>
<kw name="Select Choice" library="Inputs">
<arg>2</arg>
<status status="PASS" starttime="20230216 17:13:22.541" endtime="20230216 17:13:22.680"/>
</kw>
<kw name="Type Date" library="Date">
<arg>07/12/2022</arg>
<arg>Date Invoice/ Expec.Paymt.Date</arg>
<msg timestamp="20230216 17:13:23.010" level="INFO">&lt;selenium.webdriver.firefox.webelement.FirefoxWebElement (session="a6507726-7db0-4543-8990-493f1bacb8f5", element="7fb15058-905d-43f3-87b2-4a45db45f589")&gt;
&lt;selenium.webdriver.firefox.webelement.FirefoxWebElement (session="a6507726-7db0-4543-8990-493f1bacb8f5", element="7fb15058-905d-43f3-87b2-4a45db45f589")&gt;</msg>
<status status="PASS" starttime="20230216 17:13:22.680" endtime="20230216 17:13:23.011"/>
</kw>
<kw name="Press Enter" library="Date">
<status status="PASS" starttime="20230216 17:13:23.011" endtime="20230216 17:13:23.031"/>
</kw>
<kw name="Type Date" library="Date">
<arg>10/12/2022</arg>
<arg>Date Payment</arg>
<msg timestamp="20230216 17:13:23.330" level="INFO">&lt;selenium.webdriver.firefox.webelement.FirefoxWebElement (session="a6507726-7db0-4543-8990-493f1bacb8f5", element="3c81571e-c5f5-4005-837d-8c2687330f70")&gt;
&lt;selenium.webdriver.firefox.webelement.FirefoxWebElement (session="a6507726-7db0-4543-8990-493f1bacb8f5", element="3c81571e-c5f5-4005-837d-8c2687330f70")&gt;</msg>
<status status="PASS" starttime="20230216 17:13:23.032" endtime="20230216 17:13:23.330"/>
</kw>
<kw name="Press Enter" library="Date">
<status status="PASS" starttime="20230216 17:13:23.330" endtime="20230216 17:13:23.343"/>
</kw>
<kw name="Custom Click Button" library="Clickables">
<arg>Save</arg>
<msg timestamp="20230216 17:13:24.837" level="INFO">(//button[.//*[normalize-space(text())='Save']])[1]
&lt;selenium.webdriver.firefox.webelement.FirefoxWebElement (session="a6507726-7db0-4543-8990-493f1bacb8f5", element="e8be0bc2-0479-4d50-a3ef-14daf62fa848")&gt;</msg>
<status status="PASS" starttime="20230216 17:13:23.343" endtime="20230216 17:13:24.837"/>
</kw>
<kw name="Close All Browsers" library="SeleniumLibrary" type="TEARDOWN">
<doc>Closes all open browsers and resets the browser cache.</doc>
<status status="PASS" starttime="20230216 17:13:24.838" endtime="20230216 17:13:25.337"/>
</kw>
<status status="PASS" starttime="20230216 17:12:57.353" endtime="20230216 17:13:25.337"/>
</test>
<test id="s1-t10" name="Fee" line="146">
<kw name="Make Valid Login" library="LoginPage">
<kw name="Open Login Page" library="LoginPage">
<kw name="Get Firefox Options" library="BrowserOptions">
<var>${options}</var>
<msg timestamp="20230216 17:13:25.339" level="INFO">${options} = &lt;selenium.webdriver.firefox.options.Options object at 0x7fcba0567eb8&gt;</msg>
<status status="PASS" starttime="20230216 17:13:25.338" endtime="20230216 17:13:25.339"/>
</kw>
<kw name="Get Firefox Driver Path" library="BrowserOptions">
<var>${exec_path}</var>
<msg timestamp="20230216 17:13:25.339" level="INFO">====== WebDriver manager ======</msg>
<msg timestamp="20230216 17:13:25.371" level="INFO">Current firefox version is 109.0</msg>
<msg timestamp="20230216 17:13:25.371" level="INFO">Get LATEST geckodriver version for 109.0 firefox</msg>
<msg timestamp="20230216 17:13:25.717" level="INFO">Driver [/home/hassine/.wdm/drivers/geckodriver/linux64/v0.32.2/geckodriver] found in cache</msg>
<msg timestamp="20230216 17:13:25.717" level="INFO">${exec_path} = /home/hassine/.wdm/drivers/geckodriver/linux64/v0.32.2/geckodriver</msg>
<status status="PASS" starttime="20230216 17:13:25.339" endtime="20230216 17:13:25.717"/>
</kw>
<kw name="Open Browser" library="SeleniumLibrary">
<arg>${url}</arg>
<arg>executable_path=${exec_path}</arg>
<arg>options=${options}</arg>
<doc>Opens a new browser instance to the optional ``url``.</doc>
<msg timestamp="20230216 17:13:25.720" level="INFO">Opening browser 'firefox' to base url 'http://192.168.1.126:8084/quest-pe/v2/auth/#/login'.</msg>
<msg timestamp="20230216 17:13:25.721" level="INFO">Firefox driver log is always forced to to: /home/hassine/quest-automated-tests/test/geckodriver-16.log</msg>
<status status="PASS" starttime="20230216 17:13:25.718" endtime="20230216 17:13:29.182"/>
</kw>
<kw name="Maximize" library="BrowserOptions">
<status status="PASS" starttime="20230216 17:13:29.183" endtime="20230216 17:13:29.448"/>
</kw>
<status status="PASS" starttime="20230216 17:13:25.338" endtime="20230216 17:13:29.448"/>
</kw>
<kw name="Fill Login Info" library="LoginPage">
<arg>${valid_username}</arg>
<arg>${valid_password}</arg>
<kw name="Input Text" library="SeleniumLibrary">
<arg>${username_field_locator}</arg>
<arg>${username}</arg>
<doc>Types the given ``text`` into the text field identified by ``locator``.</doc>
<msg timestamp="20230216 17:13:29.452" level="INFO">Typing text 'demo_pe' into text field 'id:login-input'.</msg>
<status status="PASS" starttime="20230216 17:13:29.450" endtime="20230216 17:13:29.499"/>
</kw>
<kw name="Input Text" library="SeleniumLibrary">
<arg>${password_field_locator}</arg>
<arg>${password}</arg>
<doc>Types the given ``text`` into the text field identified by ``locator``.</doc>
<msg timestamp="20230216 17:13:29.500" level="INFO">Typing text 'mype#ads*1515' into text field 'id:pwd-input'.</msg>
<status status="PASS" starttime="20230216 17:13:29.500" endtime="20230216 17:13:29.518"/>
</kw>
<status status="PASS" starttime="20230216 17:13:29.449" endtime="20230216 17:13:29.518"/>
</kw>
<kw name="Click Login" library="LoginPage">
<kw name="Click Button" library="SeleniumLibrary">
<arg>${login_button_locator}</arg>
<doc>Clicks the button identified by ``locator``.</doc>
<msg timestamp="20230216 17:13:29.520" level="INFO">Clicking button '//button'.</msg>
<status status="PASS" starttime="20230216 17:13:29.519" endtime="20230216 17:13:37.981"/>
</kw>
<status status="PASS" starttime="20230216 17:13:29.519" endtime="20230216 17:13:37.982"/>
</kw>
<kw name="Wait Until Keyword Succeeds" library="BuiltIn">
<arg>5s</arg>
<arg>500ms</arg>
<arg>title should be</arg>
<arg>${success_page_name}</arg>
<doc>Runs the specified keyword and retries if it fails.</doc>
<kw name="Title Should Be" library="SeleniumLibrary">
<arg>${success_page_name}</arg>
<doc>Verifies that the current page title equals ``title``.</doc>
<msg timestamp="20230216 17:13:37.998" level="INFO">Page title is 'Quest'.</msg>
<status status="PASS" starttime="20230216 17:13:37.982" endtime="20230216 17:13:37.998"/>
</kw>
<status status="PASS" starttime="20230216 17:13:37.982" endtime="20230216 17:13:37.998"/>
</kw>
<status status="PASS" starttime="20230216 17:13:25.338" endtime="20230216 17:13:37.998"/>
</kw>
<kw name="Wait" library="Window">
<arg>1</arg>
<status status="PASS" starttime="20230216 17:13:38.000" endtime="20230216 17:13:39.001"/>
</kw>
<kw name="Mouse Over Side Menu Item" library="SideMenu">
<arg>Portfolio</arg>
<msg timestamp="20230216 17:13:39.275" level="INFO">&lt;selenium.webdriver.firefox.webelement.FirefoxWebElement (session="7c8c5ba7-1bcf-4e99-b64c-f7d38bf08d9a", element="b48cab7c-1275-47fd-b7b3-679e77bcd025")&gt;</msg>
<status status="PASS" starttime="20230216 17:13:39.001" endtime="20230216 17:13:39.275"/>
</kw>
<kw name="Click Side Menu Item" library="SideMenu">
<arg>Fees</arg>
<msg timestamp="20230216 17:13:40.553" level="INFO">&lt;selenium.webdriver.firefox.webelement.FirefoxWebElement (session="7c8c5ba7-1bcf-4e99-b64c-f7d38bf08d9a", element="d9d7ad12-4813-4e63-b2a7-2b2fb3c9c602")&gt;</msg>
<status status="PASS" starttime="20230216 17:13:39.276" endtime="20230216 17:13:40.553"/>
</kw>
<kw name="Select Window" library="Selection">
<arg>Fees</arg>
<status status="PASS" starttime="20230216 17:13:40.554" endtime="20230216 17:13:40.554"/>
</kw>
<kw name="Custom Click Button" library="Clickables">
<arg>Add fee</arg>
<msg timestamp="20230216 17:13:42.063" level="INFO">(//button[.//*[normalize-space(text())='Add fee']])[1]
&lt;selenium.webdriver.firefox.webelement.FirefoxWebElement (session="7c8c5ba7-1bcf-4e99-b64c-f7d38bf08d9a", element="35ad616b-5211-47ff-814c-f0f4e542979a")&gt;</msg>
<status status="PASS" starttime="20230216 17:13:40.554" endtime="20230216 17:13:42.063"/>
</kw>
<kw name="Select Window" library="Selection">
<arg>Add Fees</arg>
<status status="PASS" starttime="20230216 17:13:42.063" endtime="20230216 17:13:42.064"/>
</kw>
<kw name="Type Text" library="Inputs">
<arg>IPAS</arg>
<arg>Fund Name</arg>
<msg timestamp="20230216 17:13:43.177" level="INFO">&lt;selenium.webdriver.firefox.webelement.FirefoxWebElement (session="7c8c5ba7-1bcf-4e99-b64c-f7d38bf08d9a", element="b9fccc7e-2ec4-4f46-aace-5497499ded25")&gt;</msg>
<status status="PASS" starttime="20230216 17:13:42.064" endtime="20230216 17:13:43.177"/>
</kw>
<kw name="Wait" library="Window">
<arg>1</arg>
<status status="PASS" starttime="20230216 17:13:43.177" endtime="20230216 17:13:44.179"/>
</kw>
<kw name="Select Choice" library="Inputs">
<arg>2</arg>
[...]
<status status="PASS" starttime="20230216 17:18:20.973" endtime="20230216 17:18:22.159"/>
</kw>
<kw name="Select Choice" library="Inputs">
<arg>1</arg>
<status status="PASS" starttime="20230216 17:18:22.160" endtime="20230216 17:18:22.202"/>
</kw>
<kw name="Custom Click Button" library="Clickables">
<arg>save</arg>
<msg timestamp="20230216 17:18:23.510" level="INFO">(//button[.//*[normalize-space(text())='save']])[1]
&lt;selenium.webdriver.firefox.webelement.FirefoxWebElement (session="8fd3ef0d-e5f1-4e5b-a71f-c8b295f3b607", element="7435a7ff-0a61-4c20-b85d-107dd2746b68")&gt;</msg>
<status status="PASS" starttime="20230216 17:18:22.202" endtime="20230216 17:18:23.510"/>
</kw>
<kw name="Custom Click Button" library="Clickables">
<arg>save</arg>
<msg timestamp="20230216 17:18:24.791" level="INFO">(//button[.//*[normalize-space(text())='save']])[1]
&lt;selenium.webdriver.firefox.webelement.FirefoxWebElement (session="8fd3ef0d-e5f1-4e5b-a71f-c8b295f3b607", element="7435a7ff-0a61-4c20-b85d-107dd2746b68")&gt;</msg>
<status status="PASS" starttime="20230216 17:18:23.510" endtime="20230216 17:18:24.792"/>
</kw>
<kw name="Close All Browsers" library="SeleniumLibrary" type="TEARDOWN">
<doc>Closes all open browsers and resets the browser cache.</doc>
<status status="PASS" starttime="20230216 17:18:24.792" endtime="20230216 17:18:25.196"/>
</kw>
<status status="PASS" starttime="20230216 17:18:02.586" endtime="20230216 17:18:25.196"/>
</test>
<test id="s1-t23" name="CompanieInvestor" line="365">
<kw name="Make Valid Login" library="LoginPage">
<kw name="Open Login Page" library="LoginPage">
<kw name="Get Firefox Options" library="BrowserOptions">
<var>${options}</var>
<msg timestamp="20230216 17:18:25.199" level="INFO">${options} = &lt;selenium.webdriver.firefox.options.Options object at 0x7fcba050d128&gt;</msg>
<status status="PASS" starttime="20230216 17:18:25.198" endtime="20230216 17:18:25.199"/>
</kw>
<kw name="Get Firefox Driver Path" library="BrowserOptions">
<var>${exec_path}</var>
<msg timestamp="20230216 17:18:25.199" level="INFO">====== WebDriver manager ======</msg>
<msg timestamp="20230216 17:18:25.232" level="INFO">Current firefox version is 109.0</msg>
<msg timestamp="20230216 17:18:25.232" level="INFO">Get LATEST geckodriver version for 109.0 firefox</msg>
<msg timestamp="20230216 17:18:25.444" level="INFO">Driver [/home/hassine/.wdm/drivers/geckodriver/linux64/v0.32.2/geckodriver] found in cache</msg>
<msg timestamp="20230216 17:18:25.445" level="INFO">${exec_path} = /home/hassine/.wdm/drivers/geckodriver/linux64/v0.32.2/geckodriver</msg>
<status status="PASS" starttime="20230216 17:18:25.199" endtime="20230216 17:18:25.445"/>
</kw>
<kw name="Open Browser" library="SeleniumLibrary">
<arg>${url}</arg>
<arg>executable_path=${exec_path}</arg>
<arg>options=${options}</arg>
<doc>Opens a new browser instance to the optional ``url``.</doc>
<msg timestamp="20230216 17:18:25.448" level="INFO">Opening browser 'firefox' to base url 'http://192.168.1.126:8084/quest-pe/v2/auth/#/login'.</msg>
<msg timestamp="20230216 17:18:25.448" level="INFO">Firefox driver log is always forced to to: /home/hassine/quest-automated-tests/test/geckodriver-29.log</msg>
<status status="PASS" starttime="20230216 17:18:25.445" endtime="20230216 17:18:28.908"/>
</kw>
<kw name="Maximize" library="BrowserOptions">
<status status="PASS" starttime="20230216 17:18:28.909" endtime="20230216 17:18:29.180"/>
</kw>
<status status="PASS" starttime="20230216 17:18:25.197" endtime="20230216 17:18:29.180"/>
</kw>
<kw name="Fill Login Info" library="LoginPage">
<arg>${valid_username}</arg>
<arg>${valid_password}</arg>
<kw name="Input Text" library="SeleniumLibrary">
<arg>${username_field_locator}</arg>
<arg>${username}</arg>
<doc>Types the given ``text`` into the text field identified by ``locator``.</doc>
<msg timestamp="20230216 17:18:29.183" level="INFO">Typing text 'demo_pe' into text field 'id:login-input'.</msg>
<status status="PASS" starttime="20230216 17:18:29.181" endtime="20230216 17:18:29.224"/>
</kw>
<kw name="Input Text" library="SeleniumLibrary">
<arg>${password_field_locator}</arg>
<arg>${password}</arg>
<doc>Types the given ``text`` into the text field identified by ``locator``.</doc>
<msg timestamp="20230216 17:18:29.225" level="INFO">Typing text 'mype#ads*1515' into text field 'id:pwd-input'.</msg>
<status status="PASS" starttime="20230216 17:18:29.225" endtime="20230216 17:18:29.246"/>
</kw>
<status status="PASS" starttime="20230216 17:18:29.180" endtime="20230216 17:18:29.246"/>
</kw>
<kw name="Click Login" library="LoginPage">
<kw name="Click Button" library="SeleniumLibrary">
<arg>${login_button_locator}</arg>
<doc>Clicks the button identified by ``locator``.</doc>
<msg timestamp="20230216 17:18:29.248" level="INFO">Clicking button '//button'.</msg>
<status status="PASS" starttime="20230216 17:18:29.247" endtime="20230216 17:18:34.990"/>
</kw>
<status status="PASS" starttime="20230216 17:18:29.247" endtime="20230216 17:18:34.990"/>
</kw>
<kw name="Wait Until Keyword Succeeds" library="BuiltIn">
<arg>5s</arg>
<arg>500ms</arg>
<arg>title should be</arg>
<arg>${success_page_name}</arg>
<doc>Runs the specified keyword and retries if it fails.</doc>
<kw name="Title Should Be" library="SeleniumLibrary">
<arg>${success_page_name}</arg>
<doc>Verifies that the current page title equals ``title``.</doc>
<kw name="Capture Page Screenshot" library="SeleniumLibrary">
<doc>Takes a screenshot of the current page and embeds it into a log file.</doc>
<msg timestamp="20230216 17:18:35.054" level="FAIL">WebDriverException: Message: Failed to decode response from marionette
</msg>
<status status="FAIL" starttime="20230216 17:18:35.037" endtime="20230216 17:18:35.059"/>
</kw>
<msg timestamp="20230216 17:18:35.059" level="WARN">Keyword 'Capture Page Screenshot' could not be run on failure: WebDriverException: Message: Failed to decode response from marionette
</msg>
<msg timestamp="20230216 17:18:35.059" level="FAIL">NoSuchWindowException: Message: Browsing context has been discarded
</msg>
<status status="FAIL" starttime="20230216 17:18:34.991" endtime="20230216 17:18:35.060"/>
</kw>
<kw name="Title Should Be" library="SeleniumLibrary">
<arg>${success_page_name}</arg>
<doc>Verifies that the current page title equals ``title``.</doc>
<kw name="Capture Page Screenshot" library="SeleniumLibrary">
<doc>Takes a screenshot of the current page and embeds it into a log file.</doc>
<msg timestamp="20230216 17:18:35.563" level="FAIL">InvalidSessionIdException: Message: Tried to run command without establishing a connection
</msg>
<status status="FAIL" starttime="20230216 17:18:35.562" endtime="20230216 17:18:35.563"/>
</kw>
<msg timestamp="20230216 17:18:35.563" level="WARN">Keyword 'Capture Page Screenshot' could not be run on failure: InvalidSessionIdException: Message: Tried to run command without establishing a connection
</msg>
<msg timestamp="20230216 17:18:35.564" level="FAIL">InvalidSessionIdException: Message: Tried to run command without establishing a connection
</msg>
<status status="FAIL" starttime="20230216 17:18:35.560" endtime="20230216 17:18:35.564"/>
</kw>
<kw name="Title Should Be" library="SeleniumLibrary">
<arg>${success_page_name}</arg>
<doc>Verifies that the current page title equals ``title``.</doc>
<kw name="Capture Page Screenshot" library="SeleniumLibrary">
<doc>Takes a screenshot of the current page and embeds it into a log file.</doc>
<msg timestamp="20230216 17:18:36.068" level="FAIL">InvalidSessionIdException: Message: Tried to run command without establishing a connection
</msg>
<status status="FAIL" starttime="20230216 17:18:36.066" endtime="20230216 17:18:36.068"/>
</kw>
<msg timestamp="20230216 17:18:36.068" level="WARN">Keyword 'Capture Page Screenshot' could not be run on failure: InvalidSessionIdException: Message: Tried to run command without establishing a connection
</msg>
<msg timestamp="20230216 17:18:36.068" level="FAIL">InvalidSessionIdException: Message: Tried to run command without establishing a connection
</msg>
<status status="FAIL" starttime="20230216 17:18:36.064" endtime="20230216 17:18:36.068"/>
</kw>
<kw name="Title Should Be" library="SeleniumLibrary">
<arg>${success_page_name}</arg>
<doc>Verifies that the current page title equals ``title``.</doc>
<kw name="Capture Page Screenshot" library="SeleniumLibrary">
<doc>Takes a screenshot of the current page and embeds it into a log file.</doc>
<msg timestamp="20230216 17:18:36.576" level="FAIL">InvalidSessionIdException: Message: Tried to run command without establishing a connection
</msg>
<status status="FAIL" starttime="20230216 17:18:36.572" endtime="20230216 17:18:36.576"/>
</kw>
<msg timestamp="20230216 17:18:36.576" level="WARN">Keyword 'Capture Page Screenshot' could not be run on failure: InvalidSessionIdException: Message: Tried to run command without establishing a connection
</msg>
<msg timestamp="20230216 17:18:36.577" level="FAIL">InvalidSessionIdException: Message: Tried to run command without establishing a connection
</msg>
<status status="FAIL" starttime="20230216 17:18:36.569" endtime="20230216 17:18:36.577"/>
</kw>
<kw name="Title Should Be" library="SeleniumLibrary">
<arg>${success_page_name}</arg>
<doc>Verifies that the current page title equals ``title``.</doc>
<kw name="Capture Page Screenshot" library="SeleniumLibrary">
<doc>Takes a screenshot of the current page and embeds it into a log file.</doc>
<msg timestamp="20230216 17:18:37.084" level="FAIL">InvalidSessionIdException: Message: Tried to run command without establishing a connection
</msg>
<status status="FAIL" starttime="20230216 17:18:37.082" endtime="20230216 17:18:37.084"/>
</kw>
<msg timestamp="20230216 17:18:37.084" level="WARN">Keyword 'Capture Page Screenshot' could not be run on failure: InvalidSessionIdException: Message: Tried to run command without establishing a connection
</msg>
<msg timestamp="20230216 17:18:37.084" level="FAIL">InvalidSessionIdException: Message: Tried to run command without establishing a connection
</msg>
<status status="FAIL" starttime="20230216 17:18:37.078" endtime="20230216 17:18:37.085"/>
</kw>
<kw name="Title Should Be" library="SeleniumLibrary">
<arg>${success_page_name}</arg>
<doc>Verifies that the current page title equals ``title``.</doc>
<kw name="Capture Page Screenshot" library="SeleniumLibrary">
<doc>Takes a screenshot of the current page and embeds it into a log file.</doc>
<msg timestamp="20230216 17:18:37.589" level="FAIL">InvalidSessionIdException: Message: Tried to run command without establishing a connection
</msg>
<status status="FAIL" starttime="20230216 17:18:37.587" endtime="20230216 17:18:37.589"/>
</kw>
<msg timestamp="20230216 17:18:37.590" level="WARN">Keyword 'Capture Page Screenshot' could not be run on failure: InvalidSessionIdException: Message: Tried to run command without establishing a connection
</msg>
<msg timestamp="20230216 17:18:37.590" level="FAIL">InvalidSessionIdException: Message: Tried to run command without establishing a connection
</msg>
<status status="FAIL" starttime="20230216 17:18:37.585" endtime="20230216 17:18:37.590"/>
</kw>
<kw name="Title Should Be" library="SeleniumLibrary">
<arg>${success_page_name}</arg>
<doc>Verifies that the current page title equals ``title``.</doc>
<status status="FAIL" starttime="20230216 17:18:38.091" endtime="20230216 17:18:38.092"/>
</kw>
<status status="FAIL" starttime="20230216 17:18:34.990" endtime="20230216 17:18:38.092"/>
</kw>
<status status="FAIL" starttime="20230216 17:18:25.197" endtime="20230216 17:18:38.093"/>
</kw>
<kw name="Wait" library="Window">
<arg>1</arg>
<status status="NOT RUN" starttime="20230216 17:18:38.093" endtime="20230216 17:18:38.093"/>
</kw>
<kw name="Click Side Menu Item" library="SideMenu">
<arg>Companies</arg>
<status status="NOT RUN" starttime="20230216 17:18:38.094" endtime="20230216 17:18:38.094"/>
</kw>
<kw name="Select Window" library="Selection">
<arg>All Companies</arg>
<status status="NOT RUN" starttime="20230216 17:18:38.094" endtime="20230216 17:18:38.094"/>
</kw>
<kw name="Custom Click Button" library="Clickables">
<arg>Add New Company</arg>
<status status="NOT RUN" starttime="20230216 17:18:38.095" endtime="20230216 17:18:38.095"/>
</kw>
<kw name="Select Window" library="Selection">
<arg>Add New Company</arg>
<status status="NOT RUN" starttime="20230216 17:18:38.095" endtime="20230216 17:18:38.096"/>
</kw>
<kw name="Type Text" library="Inputs">
<arg>CmpanyInvestortest121</arg>
<arg>Name</arg>
<status status="NOT RUN" starttime="20230216 17:18:38.096" endtime="20230216 17:18:38.096"/>
</kw>
<kw name="Type Text" library="Inputs">
<arg>Investor</arg>
<arg>Category</arg>
<status status="NOT RUN" starttime="20230216 17:18:38.096" endtime="20230216 17:18:38.097"/>
</kw>
<kw name="Select Choice" library="Inputs">
<arg>2</arg>
<status status="NOT RUN" starttime="20230216 17:18:38.097" endtime="20230216 17:18:38.097"/>
</kw>
<kw name="Type Text" library="Inputs">
<arg>Family office</arg>
<arg>Type</arg>
<status status="NOT RUN" starttime="20230216 17:18:38.097" endtime="20230216 17:18:38.097"/>
</kw>
<kw name="Type Text" library="Inputs">
<arg>IP Paris</arg>
<arg>Office In Charge</arg>
<status status="NOT RUN" starttime="20230216 17:18:38.098" endtime="20230216 17:18:38.098"/>
</kw>
<kw name="Select Choice" library="Inputs">
<arg>2</arg>
<status status="NOT RUN" starttime="20230216 17:18:38.098" endtime="20230216 17:18:38.098"/>
</kw>
<kw name="Custom Click Button" library="Clickables">
<arg>save</arg>
<status status="NOT RUN" starttime="20230216 17:18:38.098" endtime="20230216 17:18:38.098"/>
</kw>
<kw name="Clear Selection" library="Selection">
<status status="NOT RUN" starttime="20230216 17:18:38.098" endtime="20230216 17:18:38.098"/>
</kw>
<kw name="Select Window" library="Selection">
<arg>Add Company Deal</arg>
<status status="NOT RUN" starttime="20230216 17:18:38.098" endtime="20230216 17:18:38.098"/>
</kw>
<kw name="Custom Click Button" library="Clickables">
<arg>Save</arg>
<status status="NOT RUN" starttime="20230216 17:18:38.098" endtime="20230216 17:18:38.099"/>
</kw>
<kw name="Close All Browsers" library="SeleniumLibrary" type="TEARDOWN">
<doc>Closes all open browsers and resets the browser cache.</doc>
<msg timestamp="20230216 17:18:38.100" level="WARN">Retrying (Retry(total=2, connect=None, read=None, redirect=None, status=None)) after connection broken by 'NewConnectionError('&lt;urllib3.connection.HTTPConnection object at 0x7fcba0514da0&gt;: Failed to establish a new connection: [Errno 111] Connection refused',)': /session/7ed59363-e8fb-400d-912b-304913b36f9a</msg>
<msg timestamp="20230216 17:18:38.100" level="WARN">Retrying (Retry(total=1, connect=None, read=None, redirect=None, status=None)) after connection broken by 'NewConnectionError('&lt;urllib3.connection.HTTPConnection object at 0x7fcba050d9b0&gt;: Failed to establish a new connection: [Errno 111] Connection refused',)': /session/7ed59363-e8fb-400d-912b-304913b36f9a</msg>
<msg timestamp="20230216 17:18:38.101" level="WARN">Retrying (Retry(total=0, connect=None, read=None, redirect=None, status=None)) after connection broken by 'NewConnectionError('&lt;urllib3.connection.HTTPConnection object at 0x7fcba057ef60&gt;: Failed to establish a new connection: [Errno 111] Connection refused',)': /session/7ed59363-e8fb-400d-912b-304913b36f9a</msg>
<status status="PASS" starttime="20230216 17:18:38.099" endtime="20230216 17:18:38.102"/>
</kw>
<status status="FAIL" starttime="20230216 17:18:25.197" endtime="20230216 17:18:38.102">Execution terminated by signal</status>
</test>
<test id="s1-t24" name="User" line="382">
<tag>robot:exit</tag>
<status status="FAIL" starttime="20230216 17:18:38.102" endtime="20230216 17:18:38.103">Test execution stopped due to a fatal error.</status>
</test>
<test id="s1-t25" name="Role" line="400">
<tag>robot:exit</tag>
<status status="FAIL" starttime="20230216 17:18:38.103" endtime="20230216 17:18:38.104">Test execution stopped due to a fatal error.</status>
</test>
<test id="s1-t26" name="Step" line="413">
<tag>robot:exit</tag>
<status status="FAIL" starttime="20230216 17:18:38.104" endtime="20230216 17:18:38.104">Test execution stopped due to a fatal error.</status>
</test>
<test id="s1-t27" name="Metrics" line="447">
<tag>robot:exit</tag>
<status status="FAIL" starttime="20230216 17:18:38.104" endtime="20230216 17:18:38.105">Test execution stopped due to a fatal error.</status>
</test>
<test id="s1-t28" name="Stakeholders" line="468">
<tag>robot:exit</tag>
<status status="FAIL" starttime="20230216 17:18:38.105" endtime="20230216 17:18:38.105">Test execution stopped due to a fatal error.</status>
</test>
<test id="s1-t29" name="Committee" line="485">
<tag>robot:exit</tag>
<status status="FAIL" starttime="20230216 17:18:38.106" endtime="20230216 17:18:38.106">Test execution stopped due to a fatal error.</status>
</test>
<test id="s1-t30" name="Exit" line="497">
<tag>robot:exit</tag>
<status status="FAIL" starttime="20230216 17:18:38.107" endtime="20230216 17:18:38.107">Test execution stopped due to a fatal error.</status>
</test>
<status status="FAIL" starttime="20230216 17:10:07.655" endtime="20230216 17:18:38.108"/>
</suite>
<statistics>
<total>
<stat pass="17" fail="13" skip="0">All Tests</stat>
</total>
<tag>
<stat pass="17" fail="6" skip="0" info="combined" combined="NOT robot:exit">NOT robot:exit</stat>
</tag>
<suite>
<stat pass="17" fail="13" skip="0" id="s1" name="AddAudit">AddAudit</stat>
</suite>
</statistics>
<errors>
<msg timestamp="20230216 17:18:35.059" level="WARN">Keyword 'Capture Page Screenshot' could not be run on failure: WebDriverException: Message: Failed to decode response from marionette
</msg>
<msg timestamp="20230216 17:18:35.563" level="WARN">Keyword 'Capture Page Screenshot' could not be run on failure: InvalidSessionIdException: Message: Tried to run command without establishing a connection
</msg>
<msg timestamp="20230216 17:18:36.068" level="WARN">Keyword 'Capture Page Screenshot' could not be run on failure: InvalidSessionIdException: Message: Tried to run command without establishing a connection
</msg>
<msg timestamp="20230216 17:18:36.576" level="WARN">Keyword 'Capture Page Screenshot' could not be run on failure: InvalidSessionIdException: Message: Tried to run command without establishing a connection
</msg>
<msg timestamp="20230216 17:18:37.084" level="WARN">Keyword 'Capture Page Screenshot' could not be run on failure: InvalidSessionIdException: Message: Tried to run command without establishing a connection
</msg>
<msg timestamp="20230216 17:18:37.590" level="WARN">Keyword 'Capture Page Screenshot' could not be run on failure: InvalidSessionIdException: Message: Tried to run command without establishing a connection
</msg>
<msg timestamp="20230216 17:18:38.100" level="WARN">Retrying (Retry(total=2, connect=None, read=None, redirect=None, status=None)) after connection broken by 'NewConnectionError('&lt;urllib3.connection.HTTPConnection object at 0x7fcba0514da0&gt;: Failed to establish a new connection: [Errno 111] Connection refused',)': /session/7ed59363-e8fb-400d-912b-304913b36f9a</msg>
<msg timestamp="20230216 17:18:38.100" level="WARN">Retrying (Retry(total=1, connect=None, read=None, redirect=None, status=None)) after connection broken by 'NewConnectionError('&lt;urllib3.connection.HTTPConnection object at 0x7fcba050d9b0&gt;: Failed to establish a new connection: [Errno 111] Connection refused',)': /session/7ed59363-e8fb-400d-912b-304913b36f9a</msg>
<msg timestamp="20230216 17:18:38.101" level="WARN">Retrying (Retry(total=0, connect=None, read=None, redirect=None, status=None)) after connection broken by 'NewConnectionError('&lt;urllib3.connection.HTTPConnection object at 0x7fcba057ef60&gt;: Failed to establish a new connection: [Errno 111] Connection refused',)': /session/7ed59363-e8fb-400d-912b-304913b36f9a</msg>
</errors>
</robot>
